#
# There is insufficient memory for the Java Runtime Environment to continue.
# Native memory allocation (mmap) failed to map 297795584 bytes for committing reserved memory.
# Possible reasons:
#   The system is out of physical RAM or swap space
#   In 32 bit mode, the process size limit was hit
# Possible solutions:
#   Reduce memory load on the system
#   Increase physical memory or swap space
#   Check if swap backing store is full
#   Use 64 bit Java on a 64 bit OS
#   Decrease Java heap size (-Xmx/-Xms)
#   Decrease number of Java threads
#   Decrease Java thread stack sizes (-Xss)
#   Set larger code cache with -XX:ReservedCodeCacheSize=
# This output file may be truncated or incomplete.
#
#  Out of Memory Error (os_linux.cpp:2627), pid=7221, tid=0x00007f910f572700
#
# JRE version: OpenJDK Runtime Environment (8.0_92-b14) (build 1.8.0_92-b14)
# Java VM: OpenJDK 64-Bit Server VM (25.92-b14 mixed mode linux-amd64 compressed oops)
# Core dump written. Default location: /home/atoll/rl4j-doom-web-app/core or core.7221
#

---------------  T H R E A D  ---------------

Current thread (0x00007f9134075800):  VMThread [stack: 0x00007f910f472000,0x00007f910f573000] [id=7230]

Stack: [0x00007f910f472000,0x00007f910f573000],  sp=0x00007f910f5714c0,  free space=1021k
Native frames: (J=compiled Java code, j=interpreted, Vv=VM code, C=native code)
V  [libjvm.so+0xa596cb]
V  [libjvm.so+0x4c344c]
V  [libjvm.so+0x8aa3f0]
V  [libjvm.so+0x8a491e]
V  [libjvm.so+0x91e90b]
V  [libjvm.so+0x91fc43]
V  [libjvm.so+0x91c31b]
V  [libjvm.so+0x91c5cc]
V  [libjvm.so+0x8ce953]
V  [libjvm.so+0xa5b312]
V  [libjvm.so+0xa602e7]
V  [libjvm.so+0xa5db2c]
V  [libjvm.so+0xa5ef0f]
V  [libjvm.so+0xa5f401]
V  [libjvm.so+0x8a7902]

VM_Operation (0x00007f913ba2ebc0): ParallelGCFailedAllocation, mode: safepoint, requested by thread 0x00007f9134008000


---------------  P R O C E S S  ---------------

Java Threads: ( => current thread )
  0x00007f91344ac000 JavaThread "org.eclipse.jetty.server.session.HashSessionManager@3c153a1Timer" daemon [_thread_blocked, id=7301, stack(0x00007f910d100000,0x00007f910d201000)]
  0x00007f91341f5000 JavaThread "qtp1747585824-18" [_thread_blocked, id=7251, stack(0x00007f910e02a000,0x00007f910e12b000)]
  0x00007f91341f3800 JavaThread "qtp1747585824-17" [_thread_blocked, id=7250, stack(0x00007f910e12b000,0x00007f910e22c000)]
  0x00007f91341f2000 JavaThread "qtp1747585824-16" [_thread_blocked, id=7249, stack(0x00007f910e22c000,0x00007f910e32d000)]
  0x00007f91341f0000 JavaThread "qtp1747585824-15" [_thread_blocked, id=7248, stack(0x00007f910e32d000,0x00007f910e42e000)]
  0x00007f91341ee800 JavaThread "qtp1747585824-14" [_thread_blocked, id=7247, stack(0x00007f910e42e000,0x00007f910e52f000)]
  0x00007f91341ec800 JavaThread "qtp1747585824-13" [_thread_blocked, id=7246, stack(0x00007f910e52f000,0x00007f910e630000)]
  0x00007f91341e0000 JavaThread "qtp1747585824-12" [_thread_blocked, id=7245, stack(0x00007f910e630000,0x00007f910e731000)]
  0x00007f91341e7000 JavaThread "qtp1747585824-11" [_thread_blocked, id=7244, stack(0x00007f910e731000,0x00007f910e832000)]
  0x00007f91340be000 JavaThread "Service Thread" daemon [_thread_blocked, id=7242, stack(0x00007f910ebd2000,0x00007f910ecd3000)]
  0x00007f91340bb000 JavaThread "C1 CompilerThread2" daemon [_thread_blocked, id=7241, stack(0x00007f910ecd3000,0x00007f910edd4000)]
  0x00007f91340b9000 JavaThread "C2 CompilerThread1" daemon [_thread_blocked, id=7240, stack(0x00007f910edd4000,0x00007f910eed5000)]
  0x00007f91340b6800 JavaThread "C2 CompilerThread0" daemon [_thread_blocked, id=7239, stack(0x00007f910eed5000,0x00007f910efd6000)]
  0x00007f91340b5000 JavaThread "Signal Dispatcher" daemon [_thread_blocked, id=7238, stack(0x00007f910efd6000,0x00007f910f0d7000)]
  0x00007f9134082000 JavaThread "Finalizer" daemon [_thread_blocked, id=7232, stack(0x00007f910f270000,0x00007f910f371000)]
  0x00007f913407d800 JavaThread "Reference Handler" daemon [_thread_blocked, id=7231, stack(0x00007f910f371000,0x00007f910f472000)]
  0x00007f9134008000 JavaThread "main" [_thread_blocked, id=7223, stack(0x00007f913b932000,0x00007f913ba33000)]

Other Threads:
=>0x00007f9134075800 VMThread [stack: 0x00007f910f472000,0x00007f910f573000] [id=7230]
  0x00007f91340c0800 WatcherThread [stack: 0x00007f910ead1000,0x00007f910ebd2000] [id=7243]

VM state:at safepoint (normal execution)

VM Mutex/Monitor currently owned by a thread:  ([mutex/lock_event])
[0x00007f9134005f00] Threads_lock - owner thread: 0x00007f9134075800
[0x00007f9134006400] Heap_lock - owner thread: 0x00007f9134008000

Heap:
 PSYoungGen      total 290816K, used 47072K [0x00000000d7000000, 0x00000000ec400000, 0x0000000100000000)
  eden space 243712K, 0% used [0x00000000d7000000,0x00000000d7000000,0x00000000e5e00000)
  from space 47104K, 99% used [0x00000000e5e00000,0x00000000e8bf80f0,0x00000000e8c00000)
  to   space 36864K, 0% used [0x00000000e8c00000,0x00000000e8c00000,0x00000000eb000000)
 ParOldGen       total 84992K, used 84613K [0x0000000085000000, 0x000000008a300000, 0x00000000d7000000)
  object space 84992K, 99% used [0x0000000085000000,0x000000008a2a1568,0x000000008a300000)
 Metaspace       used 12402K, capacity 12508K, committed 12672K, reserved 1060864K
  class space    used 1552K, capacity 1592K, committed 1664K, reserved 1048576K

Card table byte_map: [0x00007f9138835000,0x00007f9138c0e000] byte_map_base: 0x00007f913840d000

Marking Bits: (ParMarkBitMap*) 0x00007f913ac54540
 Begin Bits: [0x00007f9110280000, 0x00007f9112140000)
 End Bits:   [0x00007f9112140000, 0x00007f9114000000)

Polling page: 0x00007f913ba77000

CodeCache: size=245760Kb used=5879Kb max_used=5890Kb free=239880Kb
 bounds [0x00007f9125000000, 0x00007f91255d0000, 0x00007f9134000000]
 total_blobs=1619 nmethods=1296 adapters=238
 compilation: enabled

Compilation events (10 events):
Event: 4.436 Thread 0x00007f91340bb000 nmethod 1311 0x00007f91255c0dd0 code [0x00007f91255c0fe0, 0x00007f91255c1b58]
Event: 4.436 Thread 0x00007f91340bb000 1312       3       java.util.concurrent.CopyOnWriteArrayList$COWIterator::hasNext (18 bytes)
Event: 4.436 Thread 0x00007f91340bb000 nmethod 1312 0x00007f91255b8e10 code [0x00007f91255b8f80, 0x00007f91255b9130]
Event: 4.437 Thread 0x00007f91340b6800 nmethod 1277 0x00007f91255bf2d0 code [0x00007f91255bf440, 0x00007f91255bf658]
Event: 4.437 Thread 0x00007f91340b6800 1253       4       com.sun.org.apache.xerces.internal.dom.DeferredDocumentImpl::createNode (46 bytes)
Event: 4.438 Thread 0x00007f91340bb000 1313       1       org.eclipse.jetty.util.component.ContainerLifeCycle$Bean::access$000 (5 bytes)
Event: 4.438 Thread 0x00007f91340bb000 nmethod 1313 0x00007f91255b8b50 code [0x00007f91255b8ca0, 0x00007f91255b8d90]
Event: 4.439 Thread 0x00007f91340b6800 nmethod 1253 0x00007f91255c30d0 code [0x00007f91255c3240, 0x00007f91255c3508]
Event: 4.439 Thread 0x00007f91340b6800 1258       4       com.sun.org.apache.xerces.internal.util.NamespaceSupport::popContext (21 bytes)
Event: 4.440 Thread 0x00007f91340b6800 nmethod 1258 0x00007f91255c2e10 code [0x00007f91255c2f60, 0x00007f91255c3018]

GC Heap History (10 events):
Event: 0.454 GC heap after
Heap after GC invocations=2 (full 0):
 PSYoungGen      total 68608K, used 1606K [0x00000000d7000000, 0x00000000db800000, 0x0000000100000000)
  eden space 63488K, 0% used [0x00000000d7000000,0x00000000d7000000,0x00000000dae00000)
  from space 5120K, 31% used [0x00000000db300000,0x00000000db491b18,0x00000000db800000)
  to   space 5120K, 0% used [0x00000000dae00000,0x00000000dae00000,0x00000000db300000)
 ParOldGen       total 84992K, used 80K [0x0000000085000000, 0x000000008a300000, 0x00000000d7000000)
  object space 84992K, 0% used [0x0000000085000000,0x0000000085014010,0x000000008a300000)
 Metaspace       used 7132K, capacity 7236K, committed 7552K, reserved 1056768K
  class space    used 776K, capacity 816K, committed 896K, reserved 1048576K
}
Event: 0.609 GC heap before
{Heap before GC invocations=3 (full 0):
 PSYoungGen      total 68608K, used 65094K [0x00000000d7000000, 0x00000000db800000, 0x0000000100000000)
  eden space 63488K, 100% used [0x00000000d7000000,0x00000000dae00000,0x00000000dae00000)
  from space 5120K, 31% used [0x00000000db300000,0x00000000db491b18,0x00000000db800000)
  to   space 5120K, 0% used [0x00000000dae00000,0x00000000dae00000,0x00000000db300000)
 ParOldGen       total 84992K, used 80K [0x0000000085000000, 0x000000008a300000, 0x00000000d7000000)
  object space 84992K, 0% used [0x0000000085000000,0x0000000085014010,0x000000008a300000)
 Metaspace       used 7440K, capacity 7556K, committed 7808K, reserved 1056768K
  class space    used 808K, capacity 816K, committed 896K, reserved 1048576K
Event: 0.613 GC heap after
Heap after GC invocations=3 (full 0):
 PSYoungGen      total 68608K, used 2224K [0x00000000d7000000, 0x00000000df600000, 0x0000000100000000)
  eden space 63488K, 0% used [0x00000000d7000000,0x00000000d7000000,0x00000000dae00000)
  from space 5120K, 43% used [0x00000000dae00000,0x00000000db02c040,0x00000000db300000)
  to   space 5120K, 0% used [0x00000000df100000,0x00000000df100000,0x00000000df600000)
 ParOldGen       total 84992K, used 88K [0x0000000085000000, 0x000000008a300000, 0x00000000d7000000)
  object space 84992K, 0% used [0x0000000085000000,0x0000000085016010,0x000000008a300000)
 Metaspace       used 7440K, capacity 7556K, committed 7808K, reserved 1056768K
  class space    used 808K, capacity 816K, committed 896K, reserved 1048576K
}
Event: 1.122 GC heap before
{Heap before GC invocations=4 (full 0):
 PSYoungGen      total 68608K, used 65712K [0x00000000d7000000, 0x00000000df600000, 0x0000000100000000)
  eden space 63488K, 100% used [0x00000000d7000000,0x00000000dae00000,0x00000000dae00000)
  from space 5120K, 43% used [0x00000000dae00000,0x00000000db02c040,0x00000000db300000)
  to   space 5120K, 0% used [0x00000000df100000,0x00000000df100000,0x00000000df600000)
 ParOldGen       total 84992K, used 89K [0x0000000085000000, 0x000000008a300000, 0x00000000d7000000)
  object space 84992K, 0% used [0x0000000085000000,0x0000000085016528,0x000000008a300000)
 Metaspace       used 8220K, capacity 8324K, committed 8576K, reserved 1056768K
  class space    used 871K, capacity 880K, committed 896K, reserved 1048576K
Event: 1.141 GC heap after
Heap after GC invocations=4 (full 0):
 PSYoungGen      total 132096K, used 5112K [0x00000000d7000000, 0x00000000df600000, 0x0000000100000000)
  eden space 126976K, 0% used [0x00000000d7000000,0x00000000d7000000,0x00000000dec00000)
  from space 5120K, 99% used [0x00000000df100000,0x00000000df5fe300,0x00000000df600000)
  to   space 5120K, 0% used [0x00000000dec00000,0x00000000dec00000,0x00000000df100000)
 ParOldGen       total 84992K, used 13650K [0x0000000085000000, 0x000000008a300000, 0x00000000d7000000)
  object space 84992K, 16% used [0x0000000085000000,0x0000000085d54948,0x000000008a300000)
 Metaspace       used 8220K, capacity 8324K, committed 8576K, reserved 1056768K
  class space    used 871K, capacity 880K, committed 896K, reserved 1048576K
}
Event: 1.909 GC heap before
{Heap before GC invocations=5 (full 0):
 PSYoungGen      total 132096K, used 132088K [0x00000000d7000000, 0x00000000df600000, 0x0000000100000000)
  eden space 126976K, 100% used [0x00000000d7000000,0x00000000dec00000,0x00000000dec00000)
  from space 5120K, 99% used [0x00000000df100000,0x00000000df5fe300,0x00000000df600000)
  to   space 5120K, 0% used [0x00000000dec00000,0x00000000dec00000,0x00000000df100000)
 ParOldGen       total 84992K, used 13652K [0x0000000085000000, 0x000000008a300000, 0x00000000d7000000)
  object space 84992K, 16% used [0x0000000085000000,0x0000000085d55110,0x000000008a300000)
 Metaspace       used 8233K, capacity 8324K, committed 8576K, reserved 1056768K
  class space    used 872K, capacity 880K, committed 896K, reserved 1048576K
Event: 1.942 GC heap after
Heap after GC invocations=5 (full 0):
 PSYoungGen      total 132096K, used 5101K [0x00000000d7000000, 0x00000000eb000000, 0x0000000100000000)
  eden space 126976K, 0% used [0x00000000d7000000,0x00000000d7000000,0x00000000dec00000)
  from space 5120K, 99% used [0x00000000dec00000,0x00000000df0fb758,0x00000000df100000)
  to   space 36864K, 0% used [0x00000000e8c00000,0x00000000e8c00000,0x00000000eb000000)
 ParOldGen       total 84992K, used 48106K [0x0000000085000000, 0x000000008a300000, 0x00000000d7000000)
  object space 84992K, 56% used [0x0000000085000000,0x0000000087efaba0,0x000000008a300000)
 Metaspace       used 8233K, capacity 8324K, committed 8576K, reserved 1056768K
  class space    used 872K, capacity 880K, committed 896K, reserved 1048576K
}
Event: 2.689 GC heap before
{Heap before GC invocations=6 (full 0):
 PSYoungGen      total 132096K, used 132077K [0x00000000d7000000, 0x00000000eb000000, 0x0000000100000000)
  eden space 126976K, 100% used [0x00000000d7000000,0x00000000dec00000,0x00000000dec00000)
  from space 5120K, 99% used [0x00000000dec00000,0x00000000df0fb758,0x00000000df100000)
  to   space 36864K, 0% used [0x00000000e8c00000,0x00000000e8c00000,0x00000000eb000000)
 ParOldGen       total 84992K, used 48127K [0x0000000085000000, 0x000000008a300000, 0x00000000d7000000)
  object space 84992K, 56% used [0x0000000085000000,0x0000000087efff08,0x000000008a300000)
 Metaspace       used 8242K, capacity 8324K, committed 8576K, reserved 1056768K
  class space    used 873K, capacity 880K, committed 896K, reserved 1048576K
Event: 2.721 GC heap after
Heap after GC invocations=6 (full 0):
 PSYoungGen      total 280576K, used 36850K [0x00000000d7000000, 0x00000000ec400000, 0x0000000100000000)
  eden space 243712K, 0% used [0x00000000d7000000,0x00000000d7000000,0x00000000e5e00000)
  from space 36864K, 99% used [0x00000000e8c00000,0x00000000eaffc998,0x00000000eb000000)
  to   space 47104K, 0% used [0x00000000e5e00000,0x00000000e5e00000,0x00000000e8c00000)
 ParOldGen       total 84992K, used 49263K [0x0000000085000000, 0x000000008a300000, 0x00000000d7000000)
  object space 84992K, 57% used [0x0000000085000000,0x000000008801bf08,0x000000008a300000)
 Metaspace       used 8242K, capacity 8324K, committed 8576K, reserved 1056768K
  class space    used 873K, capacity 880K, committed 896K, reserved 1048576K
}
Event: 4.452 GC heap before
{Heap before GC invocations=7 (full 0):
 PSYoungGen      total 280576K, used 280562K [0x00000000d7000000, 0x00000000ec400000, 0x0000000100000000)
  eden space 243712K, 100% used [0x00000000d7000000,0x00000000e5e00000,0x00000000e5e00000)
  from space 36864K, 99% used [0x00000000e8c00000,0x00000000eaffc998,0x00000000eb000000)
  to   space 47104K, 0% used [0x00000000e5e00000,0x00000000e5e00000,0x00000000e8c00000)
 ParOldGen       total 84992K, used 49270K [0x0000000085000000, 0x000000008a300000, 0x00000000d7000000)
  object space 84992K, 57% used [0x0000000085000000,0x000000008801d8e0,0x000000008a300000)
 Metaspace       used 12402K, capacity 12508K, committed 12672K, reserved 1060864K
  class space    used 1552K, capacity 1592K, committed 1664K, reserved 1048576K

Deoptimization events (10 events):
Event: 4.204 Thread 0x00007f9134008000 Uncommon trap: reason=unstable_if action=reinterpret pc=0x00007f91253f4660 method=java.lang.CharacterDataLatin1.isJavaIdentifierStart(I)Z @ 14
Event: 4.214 Thread 0x00007f9134008000 Uncommon trap: reason=unstable_if action=reinterpret pc=0x00007f912536ddf0 method=java.util.HashMap$HashIterator.<init>(Ljava/util/HashMap;)V @ 38
Event: 4.371 Thread 0x00007f9134008000 Uncommon trap: reason=unstable_if action=reinterpret pc=0x00007f91255431ac method=com.sun.org.apache.xerces.internal.impl.XMLEntityScanner.scanContent(Lcom/sun/org/apache/xerces/internal/xni/XMLString;)I @ 385
Event: 4.425 Thread 0x00007f9134008000 Uncommon trap: reason=unstable_if action=reinterpret pc=0x00007f91253546cc method=java.util.HashMap.getNode(ILjava/lang/Object;)Ljava/util/HashMap$Node; @ 62
Event: 4.425 Thread 0x00007f9134008000 Uncommon trap: reason=bimorphic action=maybe_recompile pc=0x00007f91254f6980 method=java.util.HashMap.putVal(ILjava/lang/Object;Ljava/lang/Object;ZZ)Ljava/lang/Object; @ 91
Event: 4.425 Thread 0x00007f9134008000 Uncommon trap: reason=unstable_if action=reinterpret pc=0x00007f912532914c method=java.util.HashMap.getNode(ILjava/lang/Object;)Ljava/util/HashMap$Node; @ 62
Event: 4.425 Thread 0x00007f9134008000 Uncommon trap: reason=bimorphic action=maybe_recompile pc=0x00007f91254f6980 method=java.util.HashMap.putVal(ILjava/lang/Object;Ljava/lang/Object;ZZ)Ljava/lang/Object; @ 91
Event: 4.427 Thread 0x00007f9134008000 Uncommon trap: reason=bimorphic action=maybe_recompile pc=0x00007f91254f6980 method=java.util.HashMap.putVal(ILjava/lang/Object;Ljava/lang/Object;ZZ)Ljava/lang/Object; @ 91
Event: 4.427 Thread 0x00007f9134008000 Uncommon trap: reason=bimorphic action=maybe_recompile pc=0x00007f91254f6980 method=java.util.HashMap.putVal(ILjava/lang/Object;Ljava/lang/Object;ZZ)Ljava/lang/Object; @ 91
Event: 4.438 Thread 0x00007f9134008000 Uncommon trap: reason=class_check action=maybe_recompile pc=0x00007f9125426438 method=java.util.HashSet.iterator()Ljava/util/Iterator; @ 4

Internal exceptions (10 events):
Event: 4.192 Thread 0x00007f9134008000 Exception <a 'java/lang/ArrayIndexOutOfBoundsException'> (0x00000000e3e96d90) thrown at [/build/java8-openjdk/src/jdk8u-jdk8u92-b14/hotspot/src/share/vm/runtime/sharedRuntime.cpp, line 605]
Event: 4.192 Thread 0x00007f9134008000 Exception <a 'java/lang/ArrayIndexOutOfBoundsException'> (0x00000000e3e994f8) thrown at [/build/java8-openjdk/src/jdk8u-jdk8u92-b14/hotspot/src/share/vm/runtime/sharedRuntime.cpp, line 605]
Event: 4.192 Thread 0x00007f9134008000 Exception <a 'java/lang/ArrayIndexOutOfBoundsException'> (0x00000000e3e9ab48) thrown at [/build/java8-openjdk/src/jdk8u-jdk8u92-b14/hotspot/src/share/vm/runtime/sharedRuntime.cpp, line 605]
Event: 4.192 Thread 0x00007f9134008000 Exception <a 'java/lang/ArrayIndexOutOfBoundsException'> (0x00000000e3e9c990) thrown at [/build/java8-openjdk/src/jdk8u-jdk8u92-b14/hotspot/src/share/vm/runtime/sharedRuntime.cpp, line 605]
Event: 4.193 Thread 0x00007f9134008000 Exception <a 'java/lang/ClassNotFoundException': ch/qos/logback/core/pattern/PatternLayoutEncoderBaseCustomizer> (0x00000000e3eb05c8) thrown at [/build/java8-openjdk/src/jdk8u-jdk8u92-b14/hotspot/src/share/vm/classfile/systemDictionary.cpp, line 210]
Event: 4.193 Thread 0x00007f9134008000 Exception <a 'java/lang/ArrayIndexOutOfBoundsException'> (0x00000000e3eb40c0) thrown at [/build/java8-openjdk/src/jdk8u-jdk8u92-b14/hotspot/src/share/vm/runtime/sharedRuntime.cpp, line 605]
Event: 4.193 Thread 0x00007f9134008000 Exception <a 'java/lang/ArrayIndexOutOfBoundsException'> (0x00000000e3eb6f00) thrown at [/build/java8-openjdk/src/jdk8u-jdk8u92-b14/hotspot/src/share/vm/runtime/sharedRuntime.cpp, line 605]
Event: 4.195 Thread 0x00007f9134008000 Exception <a 'java/lang/ClassNotFoundException': ch/qos/logback/classic/encoder/PatternLayoutEncoderCustomizer> (0x00000000e3ecce10) thrown at [/build/java8-openjdk/src/jdk8u-jdk8u92-b14/hotspot/src/share/vm/classfile/systemDictionary.cpp, line 210]
Event: 4.195 Thread 0x00007f9134008000 Exception <a 'java/lang/ArrayIndexOutOfBoundsException'> (0x00000000e3ed0368) thrown at [/build/java8-openjdk/src/jdk8u-jdk8u92-b14/hotspot/src/share/vm/runtime/sharedRuntime.cpp, line 605]
Event: 4.214 Thread 0x00007f9134008000 Implicit null exception at 0x00007f912536db82 to 0x00007f912536ddd9

Events (10 events):
Event: 4.441 Thread 0x00007f91344ac000 Thread added: 0x00007f91344ac000
Event: 4.441 loading class org/eclipse/jetty/util/thread/ScheduledExecutorScheduler$ScheduledFutureTask
Event: 4.441 loading class org/eclipse/jetty/util/thread/ScheduledExecutorScheduler$ScheduledFutureTask done
Event: 4.442 loading class org/eclipse/jetty/security/RoleInfo
Event: 4.442 loading class org/eclipse/jetty/security/RoleInfo done
Event: 4.442 loading class org/eclipse/jetty/security/UserDataConstraint
Event: 4.442 loading class org/eclipse/jetty/security/UserDataConstraint done
Event: 4.443 loading class org/eclipse/jetty/security/SecurityHandler$1
Event: 4.443 loading class org/eclipse/jetty/security/SecurityHandler$1 done
Event: 4.452 Executing VM operation: ParallelGCFailedAllocation


Dynamic libraries:
00400000-00401000 r-xp 00000000 08:02 705915                             /usr/lib/jvm/java-8-openjdk/jre/bin/java
00600000-00601000 rw-p 00000000 08:02 705915                             /usr/lib/jvm/java-8-openjdk/jre/bin/java
0242a000-0244b000 rw-p 00000000 00:00 0                                  [heap]
85000000-8a300000 rw-p 00000000 00:00 0 
8a300000-d7000000 ---p 00000000 00:00 0 
d7000000-ec400000 rw-p 00000000 00:00 0 
fe000000-100000000 ---p 00000000 00:00 0 
100000000-1001a0000 rw-p 00000000 00:00 0 
1001a0000-140000000 ---p 00000000 00:00 0 
7f90a8000000-7f90abfd4000 rw-p 00000000 00:00 0 
7f90abfd4000-7f90ac000000 ---p 00000000 00:00 0 
7f90ac000000-7f90ac021000 rw-p 00000000 00:00 0 
7f90ac021000-7f90b0000000 ---p 00000000 00:00 0 
7f90b0000000-7f90b3ffc000 rw-p 00000000 00:00 0 
7f90b3ffc000-7f90b4000000 ---p 00000000 00:00 0 
7f90b4000000-7f90b7ffe000 rw-p 00000000 00:00 0 
7f90b7ffe000-7f90b8000000 ---p 00000000 00:00 0 
7f90b8000000-7f90b9257000 rw-p 00000000 00:00 0 
7f90b9257000-7f90bc000000 ---p 00000000 00:00 0 
7f90bc000000-7f90c0000000 rw-p 00000000 00:00 0 
7f90c0000000-7f90c3ffd000 rw-p 00000000 00:00 0 
7f90c3ffd000-7f90c4000000 ---p 00000000 00:00 0 
7f90c4000000-7f90c699e000 rw-p 00000000 00:00 0 
7f90c699e000-7f90c8000000 ---p 00000000 00:00 0 
7f90c8000000-7f90cbfff000 rw-p 00000000 00:00 0 
7f90cbfff000-7f90cc000000 ---p 00000000 00:00 0 
7f90cc000000-7f90d0000000 rw-p 00000000 00:00 0 
7f90d0000000-7f90d28d5000 rw-p 00000000 00:00 0 
7f90d28d5000-7f90d4000000 ---p 00000000 00:00 0 
7f90d4000000-7f90d676a000 rw-p 00000000 00:00 0 
7f90d676a000-7f90d8000000 ---p 00000000 00:00 0 
7f90d8000000-7f90dbffa000 rw-p 00000000 00:00 0 
7f90dbffa000-7f90dc000000 ---p 00000000 00:00 0 
7f90dc000000-7f90dd3c5000 rw-p 00000000 00:00 0 
7f90dd3c5000-7f90e0000000 ---p 00000000 00:00 0 
7f90e0000000-7f90e3a23000 rw-p 00000000 00:00 0 
7f90e3a23000-7f90e4000000 ---p 00000000 00:00 0 
7f90e4000000-7f90e76d5000 rw-p 00000000 00:00 0 
7f90e76d5000-7f90e8000000 ---p 00000000 00:00 0 
7f90e8000000-7f90e8021000 rw-p 00000000 00:00 0 
7f90e8021000-7f90ec000000 ---p 00000000 00:00 0 
7f90ec000000-7f90ec021000 rw-p 00000000 00:00 0 
7f90ec021000-7f90f0000000 ---p 00000000 00:00 0 
7f90f0000000-7f90f17c2000 rw-p 00000000 00:00 0 
7f90f17c2000-7f90f4000000 ---p 00000000 00:00 0 
7f90f4000000-7f90f45bb000 rw-p 00000000 00:00 0 
7f90f45bb000-7f90f8000000 ---p 00000000 00:00 0 
7f90f8000000-7f90f8021000 rw-p 00000000 00:00 0 
7f90f8021000-7f90fc000000 ---p 00000000 00:00 0 
7f90fc000000-7f90fd641000 rw-p 00000000 00:00 0 
7f90fd641000-7f9100000000 ---p 00000000 00:00 0 
7f9100000000-7f9100021000 rw-p 00000000 00:00 0 
7f9100021000-7f9104000000 ---p 00000000 00:00 0 
7f9104000000-7f9104021000 rw-p 00000000 00:00 0 
7f9104021000-7f9108000000 ---p 00000000 00:00 0 
7f9108000000-7f9108021000 rw-p 00000000 00:00 0 
7f9108021000-7f910c000000 ---p 00000000 00:00 0 
7f910d100000-7f910d103000 ---p 00000000 00:00 0 
7f910d103000-7f910d2c1000 rw-p 00000000 00:00 0 
7f910d2c1000-7f910d401000 ---p 00000000 00:00 0 
7f910d401000-7f910d405000 r-xp 00000000 08:02 534865                     /usr/lib/libcap.so.2.25
7f910d405000-7f910d604000 ---p 00004000 08:02 534865                     /usr/lib/libcap.so.2.25
7f910d604000-7f910d605000 rw-p 00003000 08:02 534865                     /usr/lib/libcap.so.2.25
7f910d605000-7f910d615000 r-xp 00000000 08:02 623235                     /usr/lib/libnss_myhostname.so.2
7f910d615000-7f910d616000 ---p 00010000 08:02 623235                     /usr/lib/libnss_myhostname.so.2
7f910d616000-7f910d618000 r--p 00010000 08:02 623235                     /usr/lib/libnss_myhostname.so.2
7f910d618000-7f910d619000 rw-p 00012000 08:02 623235                     /usr/lib/libnss_myhostname.so.2
7f910d619000-7f910d62d000 r-xp 00000000 08:02 527685                     /usr/lib/libresolv-2.23.so
7f910d62d000-7f910d82c000 ---p 00014000 08:02 527685                     /usr/lib/libresolv-2.23.so
7f910d82c000-7f910d82d000 r--p 00013000 08:02 527685                     /usr/lib/libresolv-2.23.so
7f910d82d000-7f910d82e000 rw-p 00014000 08:02 527685                     /usr/lib/libresolv-2.23.so
7f910d82e000-7f910d830000 rw-p 00000000 00:00 0 
7f910d830000-7f910d835000 r-xp 00000000 08:02 527677                     /usr/lib/libnss_dns-2.23.so
7f910d835000-7f910da34000 ---p 00005000 08:02 527677                     /usr/lib/libnss_dns-2.23.so
7f910da34000-7f910da35000 r--p 00004000 08:02 527677                     /usr/lib/libnss_dns-2.23.so
7f910da35000-7f910da36000 rw-p 00005000 08:02 527677                     /usr/lib/libnss_dns-2.23.so
7f910da77000-7f910da8d000 r-xp 00000000 08:02 689720                     /usr/lib/jvm/java-8-openjdk/jre/lib/amd64/libnet.so
7f910da8d000-7f910dc8d000 ---p 00016000 08:02 689720                     /usr/lib/jvm/java-8-openjdk/jre/lib/amd64/libnet.so
7f910dc8d000-7f910dc8e000 rw-p 00016000 08:02 689720                     /usr/lib/jvm/java-8-openjdk/jre/lib/amd64/libnet.so
7f910dc8e000-7f910de8e000 rw-p 00000000 00:00 0 
7f910de8e000-7f910df7e000 r--s 00c16000 08:03 14328862                   /home/atoll/rl4j-doom-web-app/target/webapp/WEB-INF/lib/scala-compiler-2.11.0.jar
7f910df7e000-7f910df89000 r--s 00065000 08:03 14328868                   /home/atoll/rl4j-doom-web-app/target/webapp/WEB-INF/lib/logback-core-1.1.5.jar
7f910df89000-7f910df8d000 r--s 0002c000 08:03 14329776                   /home/atoll/rl4j-doom-web-app/target/webapp/WEB-INF/lib/better-files_2.11-2.16.0.jar
7f910df8d000-7f910df8e000 r--s 00005000 08:03 14328692                   /home/atoll/rl4j-doom-web-app/target/webapp/WEB-INF/lib/scalatra-common_2.11-2.4.1.jar
7f910df8e000-7f910df99000 r--s 0005d000 08:03 14328853                   /home/atoll/rl4j-doom-web-app/target/webapp/WEB-INF/lib/scala-parser-combinators_2.11-1.0.4.jar
7f910df99000-7f910df9a000 r--s 00001000 08:03 14328829                   /home/atoll/rl4j-doom-web-app/target/webapp/WEB-INF/lib/grizzled-slf4j_2.11-1.0.2.jar
7f910df9a000-7f910df9b000 r--s 00009000 08:03 14328869                   /home/atoll/rl4j-doom-web-app/target/webapp/WEB-INF/lib/slf4j-api-1.7.16.jar
7f910df9b000-7f910dfe6000 r--s 003ed000 08:03 14328863                   /home/atoll/rl4j-doom-web-app/target/webapp/WEB-INF/lib/scala-reflect-2.11.0.jar
7f910dfe6000-7f910dffe000 r--s 00125000 08:03 14328691                   /home/atoll/rl4j-doom-web-app/target/webapp/WEB-INF/lib/scalatra_2.11-2.4.1.jar
7f910dffe000-7f910e02a000 r--s 001b5000 08:03 14328860                   /home/atoll/rl4j-doom-web-app/target/webapp/WEB-INF/lib/scalate-core_2.11-1.7.1.jar
7f910e02a000-7f910e02d000 ---p 00000000 00:00 0 
7f910e02d000-7f910e12b000 rw-p 00000000 00:00 0 
7f910e12b000-7f910e12e000 ---p 00000000 00:00 0 
7f910e12e000-7f910e22c000 rw-p 00000000 00:00 0 
7f910e22c000-7f910e22f000 ---p 00000000 00:00 0 
7f910e22f000-7f910e32d000 rw-p 00000000 00:00 0 
7f910e32d000-7f910e330000 ---p 00000000 00:00 0 
7f910e330000-7f910e42e000 rw-p 00000000 00:00 0 
7f910e42e000-7f910e431000 ---p 00000000 00:00 0 
7f910e431000-7f910e52f000 rw-p 00000000 00:00 0 
7f910e52f000-7f910e532000 ---p 00000000 00:00 0 
7f910e532000-7f910e630000 rw-p 00000000 00:00 0 
7f910e630000-7f910e633000 ---p 00000000 00:00 0 
7f910e633000-7f910e731000 rw-p 00000000 00:00 0 
7f910e731000-7f910e734000 ---p 00000000 00:00 0 
7f910e734000-7f910e832000 rw-p 00000000 00:00 0 
7f910e832000-7f910e83a000 r-xp 00000000 08:02 689735                     /usr/lib/jvm/java-8-openjdk/jre/lib/amd64/libmanagement.so
7f910e83a000-7f910ea3a000 ---p 00008000 08:02 689735                     /usr/lib/jvm/java-8-openjdk/jre/lib/amd64/libmanagement.so
7f910ea3a000-7f910ea3b000 rw-p 00008000 08:02 689735                     /usr/lib/jvm/java-8-openjdk/jre/lib/amd64/libmanagement.so
7f910ea3b000-7f910ead1000 r--s 008d5000 08:02 729450                     /usr/lib/jvm/java-8-openjdk/jre/lib/ext/jfxrt.jar
7f910ead1000-7f910ead2000 ---p 00000000 00:00 0 
7f910ead2000-7f910ebd2000 rw-p 00000000 00:00 0 
7f910ebd2000-7f910ebd5000 ---p 00000000 00:00 0 
7f910ebd5000-7f910ecd3000 rw-p 00000000 00:00 0 
7f910ecd3000-7f910ecd6000 ---p 00000000 00:00 0 
7f910ecd6000-7f910edd4000 rw-p 00000000 00:00 0 
7f910edd4000-7f910edd7000 ---p 00000000 00:00 0 
7f910edd7000-7f910eed5000 rw-p 00000000 00:00 0 
7f910eed5000-7f910eed8000 ---p 00000000 00:00 0 
7f910eed8000-7f910efd6000 rw-p 00000000 00:00 0 
7f910efd6000-7f910efd9000 ---p 00000000 00:00 0 
7f910efd9000-7f910f0d7000 rw-p 00000000 00:00 0 
7f910f0d7000-7f910f270000 r--p 00000000 08:02 573906                     /usr/lib/locale/locale-archive
7f910f270000-7f910f273000 ---p 00000000 00:00 0 
7f910f273000-7f910f371000 rw-p 00000000 00:00 0 
7f910f371000-7f910f374000 ---p 00000000 00:00 0 
7f910f374000-7f910f472000 rw-p 00000000 00:00 0 
7f910f472000-7f910f473000 ---p 00000000 00:00 0 
7f910f473000-7f9114000000 rw-p 00000000 00:00 0 
7f9114000000-7f9114021000 rw-p 00000000 00:00 0 
7f9114021000-7f9118000000 ---p 00000000 00:00 0 
7f9118000000-7f9118021000 rw-p 00000000 00:00 0 
7f9118021000-7f911c000000 ---p 00000000 00:00 0 
7f911c000000-7f911c021000 rw-p 00000000 00:00 0 
7f911c021000-7f9120000000 ---p 00000000 00:00 0 
7f9120000000-7f9120021000 rw-p 00000000 00:00 0 
7f9120021000-7f9124000000 ---p 00000000 00:00 0 
7f9124000000-7f9124059000 r--s 00522000 08:03 14328690                   /home/atoll/rl4j-doom-web-app/target/webapp/WEB-INF/lib/scala-library-2.11.8.jar
7f9124059000-7f912425b000 rw-p 00000000 00:00 0 
7f912425b000-7f9124428000 r--s 03bec000 08:02 682671                     /usr/lib/jvm/java-8-openjdk/jre/lib/rt.jar
7f9124428000-7f9125000000 rw-p 00000000 00:00 0 
7f9125000000-7f91255d0000 rwxp 00000000 00:00 0 
7f91255d0000-7f9134000000 ---p 00000000 00:00 0 
7f9134000000-7f91344e0000 rw-p 00000000 00:00 0 
7f91344e0000-7f9138000000 ---p 00000000 00:00 0 
7f9138000000-7f9138002000 r--s 00009000 08:03 14328689                   /home/atoll/rl4j-doom-web-app/target/webapp/WEB-INF/lib/rl4j-doom-web-app_2.11-1.0.0-SNAPSHOT.jar
7f9138002000-7f9138004000 r--s 0000c000 08:03 14328855                   /home/atoll/rl4j-doom-web-app/target/webapp/WEB-INF/lib/scalatra-scalate_2.11-2.4.1.jar
7f9138004000-7f9138008000 r--s 00018000 08:03 14328851                   /home/atoll/rl4j-doom-web-app/target/webapp/WEB-INF/lib/joda-convert-1.8.1.jar
7f9138008000-7f9138012000 r--s 0009a000 08:03 14328854                   /home/atoll/rl4j-doom-web-app/target/webapp/WEB-INF/lib/scala-xml_2.11-1.0.5.jar
7f9138012000-7f9138018000 r--s 0003f000 08:03 14328867                   /home/atoll/rl4j-doom-web-app/target/webapp/WEB-INF/lib/logback-classic-1.1.5.jar
7f9138018000-7f913805a000 r--s 004bc000 08:03 14185393                   /home/atoll/.ivy2/cache/org.eclipse.jetty/jetty-runner/jars/jetty-runner-9.2.1.v20140609.jar
7f913805a000-7f91381a1000 rw-p 00000000 00:00 0 
7f91381a1000-7f91381a2000 ---p 00000000 00:00 0 
7f91381a2000-7f91382a2000 rw-p 00000000 00:00 0 
7f91382a2000-7f91382a3000 ---p 00000000 00:00 0 
7f91382a3000-7f91383a3000 rw-p 00000000 00:00 0 
7f91383a3000-7f91383a4000 ---p 00000000 00:00 0 
7f91383a4000-7f91384a4000 rw-p 00000000 00:00 0 
7f91384a4000-7f91384a5000 ---p 00000000 00:00 0 
7f91384a5000-7f91385cf000 rw-p 00000000 00:00 0 
7f91385cf000-7f9138835000 ---p 00000000 00:00 0 
7f9138835000-7f913885f000 rw-p 00000000 00:00 0 
7f913885f000-7f9138ac5000 ---p 00000000 00:00 0 
7f9138ac5000-7f9138b6f000 rw-p 00000000 00:00 0 
7f9138b6f000-7f9138c0d000 ---p 00000000 00:00 0 
7f9138c0d000-7f9138c26000 rw-p 00000000 00:00 0 
7f9138c26000-7f9138fce000 ---p 00000000 00:00 0 
7f9138fce000-7f9138fd6000 r-xp 00000000 08:02 689718                     /usr/lib/jvm/java-8-openjdk/jre/lib/amd64/libzip.so
7f9138fd6000-7f91391d5000 ---p 00008000 08:02 689718                     /usr/lib/jvm/java-8-openjdk/jre/lib/amd64/libzip.so
7f91391d5000-7f91391d6000 rw-p 00007000 08:02 689718                     /usr/lib/jvm/java-8-openjdk/jre/lib/amd64/libzip.so
7f91391d6000-7f91391e1000 r-xp 00000000 08:02 527678                     /usr/lib/libnss_files-2.23.so
7f91391e1000-7f91393e0000 ---p 0000b000 08:02 527678                     /usr/lib/libnss_files-2.23.so
7f91393e0000-7f91393e1000 r--p 0000a000 08:02 527678                     /usr/lib/libnss_files-2.23.so
7f91393e1000-7f91393e2000 rw-p 0000b000 08:02 527678                     /usr/lib/libnss_files-2.23.so
7f91393e2000-7f91393e8000 rw-p 00000000 00:00 0 
7f91393e8000-7f9139414000 r-xp 00000000 08:02 689717                     /usr/lib/jvm/java-8-openjdk/jre/lib/amd64/libjava.so
7f9139414000-7f9139614000 ---p 0002c000 08:02 689717                     /usr/lib/jvm/java-8-openjdk/jre/lib/amd64/libjava.so
7f9139614000-7f9139616000 rw-p 0002c000 08:02 689717                     /usr/lib/jvm/java-8-openjdk/jre/lib/amd64/libjava.so
7f9139616000-7f9139623000 r-xp 00000000 08:02 689707                     /usr/lib/jvm/java-8-openjdk/jre/lib/amd64/libverify.so
7f9139623000-7f9139822000 ---p 0000d000 08:02 689707                     /usr/lib/jvm/java-8-openjdk/jre/lib/amd64/libverify.so
7f9139822000-7f9139824000 rw-p 0000c000 08:02 689707                     /usr/lib/jvm/java-8-openjdk/jre/lib/amd64/libverify.so
7f9139824000-7f913982b000 r-xp 00000000 08:02 527686                     /usr/lib/librt-2.23.so
7f913982b000-7f9139a2a000 ---p 00007000 08:02 527686                     /usr/lib/librt-2.23.so
7f9139a2a000-7f9139a2b000 r--p 00006000 08:02 527686                     /usr/lib/librt-2.23.so
7f9139a2b000-7f9139a2c000 rw-p 00007000 08:02 527686                     /usr/lib/librt-2.23.so
7f9139a2c000-7f9139b2f000 r-xp 00000000 08:02 527683                     /usr/lib/libm-2.23.so
7f9139b2f000-7f9139d2e000 ---p 00103000 08:02 527683                     /usr/lib/libm-2.23.so
7f9139d2e000-7f9139d2f000 r--p 00102000 08:02 527683                     /usr/lib/libm-2.23.so
7f9139d2f000-7f9139d30000 rw-p 00103000 08:02 527683                     /usr/lib/libm-2.23.so
7f9139d30000-7f913a985000 r-xp 00000000 08:02 705906                     /usr/lib/jvm/java-8-openjdk/jre/lib/amd64/server/libjvm.so
7f913a985000-7f913ab85000 ---p 00c55000 08:02 705906                     /usr/lib/jvm/java-8-openjdk/jre/lib/amd64/server/libjvm.so
7f913ab85000-7f913ac41000 rw-p 00c55000 08:02 705906                     /usr/lib/jvm/java-8-openjdk/jre/lib/amd64/server/libjvm.so
7f913ac41000-7f913ac71000 rw-p 00000000 00:00 0 
7f913ac71000-7f913ae08000 r-xp 00000000 08:02 527573                     /usr/lib/libc-2.23.so
7f913ae08000-7f913b008000 ---p 00197000 08:02 527573                     /usr/lib/libc-2.23.so
7f913b008000-7f913b00c000 r--p 00197000 08:02 527573                     /usr/lib/libc-2.23.so
7f913b00c000-7f913b00e000 rw-p 0019b000 08:02 527573                     /usr/lib/libc-2.23.so
7f913b00e000-7f913b012000 rw-p 00000000 00:00 0 
7f913b012000-7f913b014000 r-xp 00000000 08:02 527682                     /usr/lib/libdl-2.23.so
7f913b014000-7f913b214000 ---p 00002000 08:02 527682                     /usr/lib/libdl-2.23.so
7f913b214000-7f913b215000 r--p 00002000 08:02 527682                     /usr/lib/libdl-2.23.so
7f913b215000-7f913b216000 rw-p 00003000 08:02 527682                     /usr/lib/libdl-2.23.so
7f913b216000-7f913b223000 r-xp 00000000 08:02 705903                     /usr/lib/jvm/java-8-openjdk/jre/lib/amd64/jli/libjli.so
7f913b223000-7f913b422000 ---p 0000d000 08:02 705903                     /usr/lib/jvm/java-8-openjdk/jre/lib/amd64/jli/libjli.so
7f913b422000-7f913b423000 rw-p 0000c000 08:02 705903                     /usr/lib/jvm/java-8-openjdk/jre/lib/amd64/jli/libjli.so
7f913b423000-7f913b438000 r-xp 00000000 08:02 530609                     /usr/lib/libz.so.1.2.8
7f913b438000-7f913b637000 ---p 00015000 08:02 530609                     /usr/lib/libz.so.1.2.8
7f913b637000-7f913b638000 r--p 00014000 08:02 530609                     /usr/lib/libz.so.1.2.8
7f913b638000-7f913b639000 rw-p 00015000 08:02 530609                     /usr/lib/libz.so.1.2.8
7f913b639000-7f913b651000 r-xp 00000000 08:02 527445                     /usr/lib/libpthread-2.23.so
7f913b651000-7f913b850000 ---p 00018000 08:02 527445                     /usr/lib/libpthread-2.23.so
7f913b850000-7f913b851000 r--p 00017000 08:02 527445                     /usr/lib/libpthread-2.23.so
7f913b851000-7f913b852000 rw-p 00018000 08:02 527445                     /usr/lib/libpthread-2.23.so
7f913b852000-7f913b856000 rw-p 00000000 00:00 0 
7f913b856000-7f913b879000 r-xp 00000000 08:02 527572                     /usr/lib/ld-2.23.so
7f913b879000-7f913b87b000 r--s 0001c000 08:03 14328847                   /home/atoll/rl4j-doom-web-app/target/webapp/WEB-INF/lib/mime-util-2.1.3.jar
7f913b87b000-7f913b87e000 r--s 00033000 08:03 14328846                   /home/atoll/rl4j-doom-web-app/target/webapp/WEB-INF/lib/juniversalchardet-1.0.3.jar
7f913b87e000-7f913b88e000 r--s 00089000 08:03 14328850                   /home/atoll/rl4j-doom-web-app/target/webapp/WEB-INF/lib/joda-time-2.9.1.jar
7f913b88e000-7f913b932000 rw-p 00000000 00:00 0 
7f913b932000-7f913b935000 ---p 00000000 00:00 0 
7f913b935000-7f913ba37000 rw-p 00000000 00:00 0 
7f913ba37000-7f913ba3b000 r--s 00034000 08:03 14328845                   /home/atoll/rl4j-doom-web-app/target/webapp/WEB-INF/lib/rl_2.11-0.4.10.jar
7f913ba3b000-7f913ba43000 r--s 00043000 08:03 14328861                   /home/atoll/rl4j-doom-web-app/target/webapp/WEB-INF/lib/scalate-util_2.11-1.7.1.jar
7f913ba43000-7f913ba47000 r--s 00097000 08:02 682669                     /usr/lib/jvm/java-8-openjdk/jre/lib/jsse.jar
7f913ba47000-7f913ba6e000 rw-p 00000000 00:00 0 
7f913ba6e000-7f913ba76000 rw-s 00000000 00:23 414770                     /tmp/hsperfdata_atoll/7221
7f913ba76000-7f913ba77000 rw-p 00000000 00:00 0 
7f913ba77000-7f913ba78000 ---p 00000000 00:00 0 
7f913ba78000-7f913ba79000 rw-p 00000000 00:00 0 
7f913ba79000-7f913ba7a000 r--p 00023000 08:02 527572                     /usr/lib/ld-2.23.so
7f913ba7a000-7f913ba7b000 rw-p 00024000 08:02 527572                     /usr/lib/ld-2.23.so
7f913ba7b000-7f913ba7c000 rw-p 00000000 00:00 0 
7ffd8d088000-7ffd8d0a9000 rw-p 00000000 00:00 0                          [stack]
7ffd8d138000-7ffd8d13b000 r--p 00000000 00:00 0                          [vvar]
7ffd8d13b000-7ffd8d13d000 r-xp 00000000 00:00 0                          [vdso]
ffffffffff600000-ffffffffff601000 r-xp 00000000 00:00 0                  [vsyscall]

VM Arguments:
java_command: org.eclipse.jetty.runner.Runner /home/atoll/rl4j-doom-web-app/target/webapp
java_class_path (initial): /home/atoll/.ivy2/cache/org.eclipse.jetty/jetty-runner/jars/jetty-runner-9.2.1.v20140609.jar
Launcher Type: SUN_STANDARD

Environment Variables:
JAVA_HOME=/usr/lib/jvm/java-8-openjdk/
PATH=/home/atoll/torch/install/bin:/home/atoll/bin:/usr/local/bin:/usr/local/sbin:/usr/local/bin:/usr/bin:/opt/android-sdk/platform-tools:/opt/android-sdk/tools:/usr/lib/jvm/default/bin:/usr/bin/site_perl:/usr/bin/vendor_perl:/usr/bin/core_perl
LD_LIBRARY_PATH=/home/atoll/torch/install/lib:
SHELL=/usr/bin/zsh
DISPLAY=:0
DYLD_LIBRARY_PATH=/home/atoll/torch/install/lib:

Signal Handlers:
SIGSEGV: [libjvm.so+0xa5a220], sa_mask[0]=11111111011111111101111111111110, sa_flags=SA_RESTART|SA_SIGINFO
SIGBUS: [libjvm.so+0xa5a220], sa_mask[0]=11111111011111111101111111111110, sa_flags=SA_RESTART|SA_SIGINFO
SIGFPE: [libjvm.so+0x8a5a90], sa_mask[0]=11111111011111111101111111111110, sa_flags=SA_RESTART|SA_SIGINFO
SIGPIPE: [libjvm.so+0x8a5a90], sa_mask[0]=11111111011111111101111111111110, sa_flags=SA_RESTART|SA_SIGINFO
SIGXFSZ: [libjvm.so+0x8a5a90], sa_mask[0]=11111111011111111101111111111110, sa_flags=SA_RESTART|SA_SIGINFO
SIGILL: [libjvm.so+0x8a5a90], sa_mask[0]=11111111011111111101111111111110, sa_flags=SA_RESTART|SA_SIGINFO
SIGUSR1: SIG_DFL, sa_mask[0]=00000000000000000000000000000000, sa_flags=none
SIGUSR2: [libjvm.so+0x8a5940], sa_mask[0]=00100000000000000000000000000000, sa_flags=SA_RESTART|SA_SIGINFO
SIGHUP: [libjvm.so+0x8a5e10], sa_mask[0]=11111111011111111101111111111110, sa_flags=SA_RESTART|SA_SIGINFO
SIGINT: [libjvm.so+0x8a5e10], sa_mask[0]=11111111011111111101111111111110, sa_flags=SA_RESTART|SA_SIGINFO
SIGTERM: [libjvm.so+0x8a5e10], sa_mask[0]=11111111011111111101111111111110, sa_flags=SA_RESTART|SA_SIGINFO
SIGQUIT: [libjvm.so+0x8a5e10], sa_mask[0]=11111111011111111101111111111110, sa_flags=SA_RESTART|SA_SIGINFO


---------------  S Y S T E M  ---------------

OS:LSB_VERSION=1.4
DISTRIB_ID=Arch
DISTRIB_RELEASE=rolling
DISTRIB_DESCRIPTION="Arch Linux"

uname:Linux 4.6.4-1-ARCH #1 SMP PREEMPT Mon Jul 11 19:12:32 CEST 2016 x86_64
libc:glibc 2.23 NPTL 2.23 
rlimit: STACK 8192k, CORE infinity, NPROC 31164, NOFILE 4096, AS infinity
load average:1.50 1.01 0.85

/proc/meminfo:
MemTotal:        8057176 kB
MemFree:          167452 kB
MemAvailable:     195760 kB
Buffers:            2812 kB
Cached:           690104 kB
SwapCached:            0 kB
Active:          7140056 kB
Inactive:         506740 kB
Active(anon):    6973336 kB
Inactive(anon):   444456 kB
Active(file):     166720 kB
Inactive(file):    62284 kB
Unevictable:           0 kB
Mlocked:               0 kB
SwapTotal:             0 kB
SwapFree:              0 kB
Dirty:              1768 kB
Writeback:             0 kB
AnonPages:       6943612 kB
Mapped:           393860 kB
Shmem:            463900 kB
Slab:              80960 kB
SReclaimable:      37200 kB
SUnreclaim:        43760 kB
KernelStack:       13664 kB
PageTables:        68556 kB
NFS_Unstable:          0 kB
Bounce:                0 kB
WritebackTmp:          0 kB
CommitLimit:     4028588 kB
Committed_AS:   16852036 kB
VmallocTotal:   34359738367 kB
VmallocUsed:           0 kB
VmallocChunk:          0 kB
HardwareCorrupted:     0 kB
AnonHugePages:   2353152 kB
HugePages_Total:       0
HugePages_Free:        0
HugePages_Rsvd:        0
HugePages_Surp:        0
Hugepagesize:       2048 kB
DirectMap4k:      209200 kB
DirectMap2M:     8056832 kB
DirectMap1G:     1048576 kB


CPU:total 4 (2 cores per cpu, 2 threads per core) family 6 model 69 stepping 1, cmov, cx8, fxsr, mmx, sse, sse2, sse3, ssse3, sse4.1, sse4.2, popcnt, avx, avx2, aes, clmul, erms, rtm, lzcnt, ht, tsc, tscinvbit, bmi1, bmi2

/proc/cpuinfo:
processor	: 0
vendor_id	: GenuineIntel
cpu family	: 6
model		: 69
model name	: Intel(R) Core(TM) i5-4300U CPU @ 1.90GHz
stepping	: 1
microcode	: 0x17
cpu MHz		: 2599.902
cache size	: 3072 KB
physical id	: 0
siblings	: 4
core id		: 0
cpu cores	: 2
apicid		: 0
initial apicid	: 0
fpu		: yes
fpu_exception	: yes
cpuid level	: 13
wp		: yes
flags		: fpu vme de pse tsc msr pae mce cx8 apic sep mtrr pge mca cmov pat pse36 clflush dts acpi mmx fxsr sse sse2 ss ht tm pbe syscall nx pdpe1gb rdtscp lm constant_tsc arch_perfmon pebs bts rep_good nopl xtopology nonstop_tsc aperfmperf eagerfpu pni pclmulqdq dtes64 monitor ds_cpl vmx smx est tm2 ssse3 sdbg fma cx16 xtpr pdcm pcid sse4_1 sse4_2 x2apic movbe popcnt tsc_deadline_timer aes xsave avx f16c rdrand lahf_lm abm epb tpr_shadow vnmi flexpriority ept vpid fsgsbase tsc_adjust bmi1 hle avx2 smep bmi2 erms invpcid rtm xsaveopt dtherm ida arat pln pts
bugs		:
bogomips	: 4990.48
clflush size	: 64
cache_alignment	: 64
address sizes	: 39 bits physical, 48 bits virtual
power management:

processor	: 1
vendor_id	: GenuineIntel
cpu family	: 6
model		: 69
model name	: Intel(R) Core(TM) i5-4300U CPU @ 1.90GHz
stepping	: 1
microcode	: 0x17
cpu MHz		: 2599.902
cache size	: 3072 KB
physical id	: 0
siblings	: 4
core id		: 0
cpu cores	: 2
apicid		: 1
initial apicid	: 1
fpu		: yes
fpu_exception	: yes
cpuid level	: 13
wp		: yes
flags		: fpu vme de pse tsc msr pae mce cx8 apic sep mtrr pge mca cmov pat pse36 clflush dts acpi mmx fxsr sse sse2 ss ht tm pbe syscall nx pdpe1gb rdtscp lm constant_tsc arch_perfmon pebs bts rep_good nopl xtopology nonstop_tsc aperfmperf eagerfpu pni pclmulqdq dtes64 monitor ds_cpl vmx smx est tm2 ssse3 sdbg fma cx16 xtpr pdcm pcid sse4_1 sse4_2 x2apic movbe popcnt tsc_deadline_timer aes xsave avx f16c rdrand lahf_lm abm epb tpr_shadow vnmi flexpriority ept vpid fsgsbase tsc_adjust bmi1 hle avx2 smep bmi2 erms invpcid rtm xsaveopt dtherm ida arat pln pts
bugs		:
bogomips	: 4993.96
clflush size	: 64
cache_alignment	: 64
address sizes	: 39 bits physical, 48 bits virtual
power management:

processor	: 2
vendor_id	: GenuineIntel
cpu family	: 6
model		: 69
model name	: Intel(R) Core(TM) i5-4300U CPU @ 1.90GHz
stepping	: 1
microcode	: 0x17
cpu MHz		: 2607.714
cache size	: 3072 KB
physical id	: 0
siblings	: 4
core id		: 1
cpu cores	: 2
apicid		: 2
initial apicid	: 2
fpu		: yes
fpu_exception	: yes
cpuid level	: 13
wp		: yes
flags		: fpu vme de pse tsc msr pae mce cx8 apic sep mtrr pge mca cmov pat pse36 clflush dts acpi mmx fxsr sse sse2 ss ht tm pbe syscall nx pdpe1gb rdtscp lm constant_tsc arch_perfmon pebs bts rep_good nopl xtopology nonstop_tsc aperfmperf eagerfpu pni pclmulqdq dtes64 monitor ds_cpl vmx smx est tm2 ssse3 sdbg fma cx16 xtpr pdcm pcid sse4_1 sse4_2 x2apic movbe popcnt tsc_deadline_timer aes xsave avx f16c rdrand lahf_lm abm epb tpr_shadow vnmi flexpriority ept vpid fsgsbase tsc_adjust bmi1 hle avx2 smep bmi2 erms invpcid rtm xsaveopt dtherm ida arat pln pts
bugs		:
bogomips	: 4992.18
clflush size	: 64
cache_alignment	: 64
address sizes	: 39 bits physical, 48 bits virtual
power management:

processor	: 3
vendor_id	: GenuineIntel
cpu family	: 6
model		: 69
model name	: Intel(R) Core(TM) i5-4300U CPU @ 1.90GHz
stepping	: 1
microcode	: 0x17
cpu MHz		: 2628.222
cache size	: 3072 KB
physical id	: 0
siblings	: 4
core id		: 1
cpu cores	: 2
apicid		: 3
initial apicid	: 3
fpu		: yes
fpu_exception	: yes
cpuid level	: 13
wp		: yes
flags		: fpu vme de pse tsc msr pae mce cx8 apic sep mtrr pge mca cmov pat pse36 clflush dts acpi mmx fxsr sse sse2 ss ht tm pbe syscall nx pdpe1gb rdtscp lm constant_tsc arch_perfmon pebs bts rep_good nopl xtopology nonstop_tsc aperfmperf eagerfpu pni pclmulqdq dtes64 monitor ds_cpl vmx smx est tm2 ssse3 sdbg fma cx16 xtpr pdcm pcid sse4_1 sse4_2 x2apic movbe popcnt tsc_deadline_timer aes xsave avx f16c rdrand lahf_lm abm epb tpr_shadow vnmi flexpriority ept vpid fsgsbase tsc_adjust bmi1 hle avx2 smep bmi2 erms invpcid rtm xsaveopt dtherm ida arat pln pts
bugs		:
bogomips	: 4992.31
clflush size	: 64
cache_alignment	: 64
address sizes	: 39 bits physical, 48 bits virtual
power management:



Memory: 4k page, physical 8057176k(167452k free), swap 0k(0k free)

vm_info: OpenJDK 64-Bit Server VM (25.92-b14) for linux-amd64 JRE (1.8.0_92-b14), built on Apr 24 2016 15:02:36 by "builduser" with gcc 5.3.0

time: Sun Jul 31 00:32:26 2016
elapsed time: 4 seconds (0d 0h 0m 4s)

