#
# There is insufficient memory for the Java Runtime Environment to continue.
# Native memory allocation (mmap) failed to map 12288 bytes for committing reserved memory.
# Possible reasons:
#   The system is out of physical RAM or swap space
#   In 32 bit mode, the process size limit was hit
# Possible solutions:
#   Reduce memory load on the system
#   Increase physical memory or swap space
#   Check if swap backing store is full
#   Use 64 bit Java on a 64 bit OS
#   Decrease Java heap size (-Xmx/-Xms)
#   Decrease number of Java threads
#   Decrease Java thread stack sizes (-Xss)
#   Set larger code cache with -XX:ReservedCodeCacheSize=
# This output file may be truncated or incomplete.
#
#  Out of Memory Error (os_linux.cpp:2627), pid=21999, tid=0x00007f6ccc3ff700
#
# JRE version: OpenJDK Runtime Environment (8.0_92-b14) (build 1.8.0_92-b14)
# Java VM: OpenJDK 64-Bit Server VM (25.92-b14 mixed mode linux-amd64 compressed oops)
# Core dump written. Default location: /home/atoll/rl4j-doom-web-app/core or core.21999
#

---------------  T H R E A D  ---------------

Current thread (0x00007f6ce1f34000):  JavaThread "pool-1174-thread-2" [_thread_new, id=28471, stack(0x00007f6ccc2ff000,0x00007f6ccc400000)]

Stack: [0x00007f6ccc2ff000,0x00007f6ccc400000],  sp=0x00007f6ccc3feb80,  free space=1022k
Native frames: (J=compiled Java code, j=interpreted, Vv=VM code, C=native code)
V  [libjvm.so+0xa596cb]
V  [libjvm.so+0x4c344c]
V  [libjvm.so+0x8aa058]
V  [libjvm.so+0x8a477e]
V  [libjvm.so+0x8ab047]
V  [libjvm.so+0x9fe9a7]
V  [libjvm.so+0x8a7902]
C  [libpthread.so.0+0x7484]  start_thread+0xc4


---------------  P R O C E S S  ---------------

Java Threads: ( => current thread )
  0x00007f6c68001000 JavaThread "pool-1174-thread-5" [_thread_blocked, id=28475, stack(0x00007f6c87eff000,0x00007f6c88000000)]
  0x00007f6ce14b0000 JavaThread "pool-1174-thread-4" [_thread_blocked, id=28474, stack(0x00007f6c773fe000,0x00007f6c774ff000)]
  0x00007f6ce14af000 JavaThread "pool-1174-thread-3" [_thread_in_native, id=28473, stack(0x00007f6c778ff000,0x00007f6c77a00000)]
=>0x00007f6ce1f34000 JavaThread "pool-1174-thread-2" [_thread_new, id=28471, stack(0x00007f6ccc2ff000,0x00007f6ccc400000)]
  0x00007f6ce081b800 JavaThread "pool-1174-thread-1" [_thread_new, id=28470, stack(0x00007f6ccc400000,0x00007f6ccc501000)]
  0x00007f6c702b7800 JavaThread "Thread-9" [_thread_in_native, id=26954, stack(0x00007f6c76cfd000,0x00007f6c76dfe000)]
  0x00007f6c702b6800 JavaThread "Thread-8" [_thread_in_native, id=26948, stack(0x00007f6ccc501000,0x00007f6ccc602000)]
  0x00007f6c7c039800 JavaThread "process reaper" daemon [_thread_in_native, id=22640, stack(0x00007f6ccdd33000,0x00007f6ccdd6c000)]
  0x00007f6ce0185000 JavaThread "Service Thread" daemon [_thread_blocked, id=22012, stack(0x00007f6cce750000,0x00007f6cce851000)]
  0x00007f6ce0182000 JavaThread "C1 CompilerThread2" daemon [_thread_blocked, id=22011, stack(0x00007f6cce851000,0x00007f6cce952000)]
  0x00007f6ce0180800 JavaThread "C2 CompilerThread1" daemon [_thread_blocked, id=22010, stack(0x00007f6cce952000,0x00007f6ccea53000)]
  0x00007f6ce017d800 JavaThread "C2 CompilerThread0" daemon [_thread_blocked, id=22009, stack(0x00007f6ccea53000,0x00007f6cceb54000)]
  0x00007f6ce017c000 JavaThread "Signal Dispatcher" daemon [_thread_blocked, id=22008, stack(0x00007f6cceb54000,0x00007f6ccec55000)]
  0x00007f6ce0149000 JavaThread "Finalizer" daemon [_thread_blocked, id=22007, stack(0x00007f6ccedee000,0x00007f6cceeef000)]
  0x00007f6ce0144800 JavaThread "Reference Handler" daemon [_thread_blocked, id=22006, stack(0x00007f6cceeef000,0x00007f6cceff0000)]
  0x00007f6ce0008000 JavaThread "main" [_thread_blocked, id=22000, stack(0x00007f6ce5fd1000,0x00007f6ce60d2000)]

Other Threads:
  0x00007f6ce013d000 VMThread [stack: 0x00007f6cceff0000,0x00007f6ccf0f1000] [id=22005]
  0x00007f6ce0187800 WatcherThread [stack: 0x00007f6cce64f000,0x00007f6cce750000] [id=22013]

VM state:not at safepoint (normal execution)

VM Mutex/Monitor currently owned by a thread: None

Heap:
 PSYoungGen      total 327680K, used 16607K [0x00000000eab00000, 0x0000000100000000, 0x0000000100000000)
  eden space 307712K, 5% used [0x00000000eab00000,0x00000000ebb37ea0,0x00000000fd780000)
  from space 19968K, 0% used [0x00000000fd780000,0x00000000fd780000,0x00000000feb00000)
  to   space 18944K, 0% used [0x00000000fed80000,0x00000000fed80000,0x0000000100000000)
 ParOldGen       total 699392K, used 33202K [0x00000000c0000000, 0x00000000eab00000, 0x00000000eab00000)
  object space 699392K, 4% used [0x00000000c0000000,0x00000000c206c8f0,0x00000000eab00000)
 Metaspace       used 121473K, capacity 122361K, committed 123392K, reserved 1150976K
  class space    used 21401K, capacity 21764K, committed 22016K, reserved 1048576K

Card table byte_map: [0x00007f6cd71a1000,0x00007f6cd73a2000] byte_map_base: 0x00007f6cd6ba1000

Marking Bits: (ParMarkBitMap*) 0x00007f6ce52f3540
 Begin Bits: [0x00007f6cd4c47000, 0x00007f6cd5c47000)
 End Bits:   [0x00007f6cd5c47000, 0x00007f6cd6c47000)

Polling page: 0x00007f6ce6116000

CodeCache: size=131072Kb used=45120Kb max_used=45750Kb free=85951Kb
 bounds [0x00007f6cd75a2000, 0x00007f6cda2b2000, 0x00007f6cdf5a2000]
 total_blobs=18462 nmethods=17978 adapters=391
 compilation: enabled

Compilation events (10 events):
Event: 592.268 Thread 0x00007f6ce017d800 21881       4       java.lang.Thread::<init> (50 bytes)
Event: 592.270 Thread 0x00007f6ce017d800 nmethod 21881 0x00007f6cd8ba20d0 code [0x00007f6cd8ba2220, 0x00007f6cd8ba2348]
Event: 592.768 Thread 0x00007f6ce0180800 21882       4       java.util.concurrent.Executors$DefaultThreadFactory::newThread (68 bytes)
Event: 592.789 Thread 0x00007f6ce0180800 nmethod 21882 0x00007f6cd900a6d0 code [0x00007f6cd900a8c0, 0x00007f6cd900b968]
Event: 601.858 Thread 0x00007f6ce017d800 21883       4       sbt.TrapExit::checkAccess (45 bytes)
Event: 601.860 Thread 0x00007f6ce017d800 nmethod 21883 0x00007f6cd8baf710 code [0x00007f6cd8baf860, 0x00007f6cd8baf918]
Event: 601.865 Thread 0x00007f6ce0180800 21884       4       java.lang.ThreadLocal$ThreadLocalMap::<init> (6 bytes)
Event: 601.870 Thread 0x00007f6ce017d800 21885       4       java.lang.Thread::exit (51 bytes)
Event: 601.873 Thread 0x00007f6ce0180800 nmethod 21884 0x00007f6cd89f1f90 code [0x00007f6cd89f2100, 0x00007f6cd89f24f8]
Event: 601.880 Thread 0x00007f6ce017d800 nmethod 21885 0x00007f6cd8770150 code [0x00007f6cd87702c0, 0x00007f6cd87708f8]

GC Heap History (10 events):
Event: 593.275 GC heap before
{Heap before GC invocations=84 (full 23):
 PSYoungGen      total 326656K, used 302720K [0x00000000eab00000, 0x0000000100000000, 0x0000000100000000)
  eden space 302592K, 100% used [0x00000000eab00000,0x00000000fd280000,0x00000000fd280000)
  from space 24064K, 0% used [0x00000000fe880000,0x00000000fe8a0000,0x0000000100000000)
  to   space 22528K, 0% used [0x00000000fd280000,0x00000000fd280000,0x00000000fe880000)
 ParOldGen       total 699392K, used 33201K [0x00000000c0000000, 0x00000000eab00000, 0x00000000eab00000)
  object space 699392K, 4% used [0x00000000c0000000,0x00000000c206c530,0x00000000eab00000)
 Metaspace       used 121472K, capacity 122361K, committed 123392K, reserved 1150976K
  class space    used 21400K, capacity 21764K, committed 22016K, reserved 1048576K
Event: 593.277 GC heap after
Heap after GC invocations=84 (full 23):
 PSYoungGen      total 325120K, used 128K [0x00000000eab00000, 0x0000000100000000, 0x0000000100000000)
  eden space 302592K, 0% used [0x00000000eab00000,0x00000000eab00000,0x00000000fd280000)
  from space 22528K, 0% used [0x00000000fd280000,0x00000000fd2a0000,0x00000000fe880000)
  to   space 21504K, 0% used [0x00000000feb00000,0x00000000feb00000,0x0000000100000000)
 ParOldGen       total 699392K, used 33201K [0x00000000c0000000, 0x00000000eab00000, 0x00000000eab00000)
  object space 699392K, 4% used [0x00000000c0000000,0x00000000c206c530,0x00000000eab00000)
 Metaspace       used 121472K, capacity 122361K, committed 123392K, reserved 1150976K
  class space    used 21400K, capacity 21764K, committed 22016K, reserved 1048576K
}
Event: 607.934 GC heap before
{Heap before GC invocations=85 (full 23):
 PSYoungGen      total 325120K, used 286666K [0x00000000eab00000, 0x0000000100000000, 0x0000000100000000)
  eden space 302592K, 94% used [0x00000000eab00000,0x00000000fc2d2ae8,0x00000000fd280000)
  from space 22528K, 0% used [0x00000000fd280000,0x00000000fd2a0000,0x00000000fe880000)
  to   space 21504K, 0% used [0x00000000feb00000,0x00000000feb00000,0x0000000100000000)
 ParOldGen       total 699392K, used 33201K [0x00000000c0000000, 0x00000000eab00000, 0x00000000eab00000)
  object space 699392K, 4% used [0x00000000c0000000,0x00000000c206c530,0x00000000eab00000)
 Metaspace       used 121473K, capacity 122361K, committed 123392K, reserved 1150976K
  class space    used 21401K, capacity 21764K, committed 22016K, reserved 1048576K
Event: 607.978 GC heap after
Heap after GC invocations=85 (full 23):
 PSYoungGen      total 329216K, used 160K [0x00000000eab00000, 0x0000000100000000, 0x0000000100000000)
  eden space 307712K, 0% used [0x00000000eab00000,0x00000000eab00000,0x00000000fd780000)
  from space 21504K, 0% used [0x00000000feb00000,0x00000000feb28000,0x0000000100000000)
  to   space 19968K, 0% used [0x00000000fd780000,0x00000000fd780000,0x00000000feb00000)
 ParOldGen       total 699392K, used 33201K [0x00000000c0000000, 0x00000000eab00000, 0x00000000eab00000)
  object space 699392K, 4% used [0x00000000c0000000,0x00000000c206c530,0x00000000eab00000)
 Metaspace       used 121473K, capacity 122361K, committed 123392K, reserved 1150976K
  class space    used 21401K, capacity 21764K, committed 22016K, reserved 1048576K
}
Event: 607.984 GC heap before
{Heap before GC invocations=86 (full 24):
 PSYoungGen      total 329216K, used 160K [0x00000000eab00000, 0x0000000100000000, 0x0000000100000000)
  eden space 307712K, 0% used [0x00000000eab00000,0x00000000eab00000,0x00000000fd780000)
  from space 21504K, 0% used [0x00000000feb00000,0x00000000feb28000,0x0000000100000000)
  to   space 19968K, 0% used [0x00000000fd780000,0x00000000fd780000,0x00000000feb00000)
 ParOldGen       total 699392K, used 33201K [0x00000000c0000000, 0x00000000eab00000, 0x00000000eab00000)
  object space 699392K, 4% used [0x00000000c0000000,0x00000000c206c530,0x00000000eab00000)
 Metaspace       used 121473K, capacity 122361K, committed 123392K, reserved 1150976K
  class space    used 21401K, capacity 21764K, committed 22016K, reserved 1048576K
Event: 608.718 GC heap after
Heap after GC invocations=86 (full 24):
 PSYoungGen      total 329216K, used 0K [0x00000000eab00000, 0x0000000100000000, 0x0000000100000000)
  eden space 307712K, 0% used [0x00000000eab00000,0x00000000eab00000,0x00000000fd780000)
  from space 21504K, 0% used [0x00000000feb00000,0x00000000feb00000,0x0000000100000000)
  to   space 19968K, 0% used [0x00000000fd780000,0x00000000fd780000,0x00000000feb00000)
 ParOldGen       total 699392K, used 33223K [0x00000000c0000000, 0x00000000eab00000, 0x00000000eab00000)
  object space 699392K, 4% used [0x00000000c0000000,0x00000000c2071d20,0x00000000eab00000)
 Metaspace       used 121473K, capacity 122361K, committed 123392K, reserved 1150976K
  class space    used 21401K, capacity 21764K, committed 22016K, reserved 1048576K
}
Event: 609.110 GC heap before
{Heap before GC invocations=87 (full 24):
 PSYoungGen      total 329216K, used 5195K [0x00000000eab00000, 0x0000000100000000, 0x0000000100000000)
  eden space 307712K, 1% used [0x00000000eab00000,0x00000000eb012ee0,0x00000000fd780000)
  from space 21504K, 0% used [0x00000000feb00000,0x00000000feb00000,0x0000000100000000)
  to   space 19968K, 0% used [0x00000000fd780000,0x00000000fd780000,0x00000000feb00000)
 ParOldGen       total 699392K, used 33223K [0x00000000c0000000, 0x00000000eab00000, 0x00000000eab00000)
  object space 699392K, 4% used [0x00000000c0000000,0x00000000c2071d20,0x00000000eab00000)
 Metaspace       used 121473K, capacity 122361K, committed 123392K, reserved 1150976K
  class space    used 21401K, capacity 21764K, committed 22016K, reserved 1048576K
Event: 609.122 GC heap after
Heap after GC invocations=87 (full 24):
 PSYoungGen      total 327680K, used 32K [0x00000000eab00000, 0x0000000100000000, 0x0000000100000000)
  eden space 307712K, 0% used [0x00000000eab00000,0x00000000eab00000,0x00000000fd780000)
  from space 19968K, 0% used [0x00000000fd780000,0x00000000fd788000,0x00000000feb00000)
  to   space 18944K, 0% used [0x00000000fed80000,0x00000000fed80000,0x0000000100000000)
 ParOldGen       total 699392K, used 33223K [0x00000000c0000000, 0x00000000eab00000, 0x00000000eab00000)
  object space 699392K, 4% used [0x00000000c0000000,0x00000000c2071d20,0x00000000eab00000)
 Metaspace       used 121473K, capacity 122361K, committed 123392K, reserved 1150976K
  class space    used 21401K, capacity 21764K, committed 22016K, reserved 1048576K
}
Event: 609.122 GC heap before
{Heap before GC invocations=88 (full 25):
 PSYoungGen      total 327680K, used 32K [0x00000000eab00000, 0x0000000100000000, 0x0000000100000000)
  eden space 307712K, 0% used [0x00000000eab00000,0x00000000eab00000,0x00000000fd780000)
  from space 19968K, 0% used [0x00000000fd780000,0x00000000fd788000,0x00000000feb00000)
  to   space 18944K, 0% used [0x00000000fed80000,0x00000000fed80000,0x0000000100000000)
 ParOldGen       total 699392K, used 33223K [0x00000000c0000000, 0x00000000eab00000, 0x00000000eab00000)
  object space 699392K, 4% used [0x00000000c0000000,0x00000000c2071d20,0x00000000eab00000)
 Metaspace       used 121473K, capacity 122361K, committed 123392K, reserved 1150976K
  class space    used 21401K, capacity 21764K, committed 22016K, reserved 1048576K
Event: 609.402 GC heap after
Heap after GC invocations=88 (full 25):
 PSYoungGen      total 327680K, used 0K [0x00000000eab00000, 0x0000000100000000, 0x0000000100000000)
  eden space 307712K, 0% used [0x00000000eab00000,0x00000000eab00000,0x00000000fd780000)
  from space 19968K, 0% used [0x00000000fd780000,0x00000000fd780000,0x00000000feb00000)
  to   space 18944K, 0% used [0x00000000fed80000,0x00000000fed80000,0x0000000100000000)
 ParOldGen       total 699392K, used 33202K [0x00000000c0000000, 0x00000000eab00000, 0x00000000eab00000)
  object space 699392K, 4% used [0x00000000c0000000,0x00000000c206c8f0,0x00000000eab00000)
 Metaspace       used 121473K, capacity 122361K, committed 123392K, reserved 1150976K
  class space    used 21401K, capacity 21764K, committed 22016K, reserved 1048576K
}

Deoptimization events (10 events):
Event: 478.217 Thread 0x00007f6c68001000 Uncommon trap: reason=unstable_if action=reinterpret pc=0x00007f6cda159d6c method=scala.reflect.internal.tpe.TypeMaps$TypeMap.mapOver(Lscala/reflect/internal/Types$Type;)Lscala/reflect/internal/Types$Type; @ 981
Event: 478.332 Thread 0x00007f6c68001000 Uncommon trap: reason=class_check action=maybe_recompile pc=0x00007f6cda1c0668 method=scala.reflect.internal.SymbolTable.isValid(I)Z @ 42
Event: 478.332 Thread 0x00007f6c68001000 Uncommon trap: reason=class_check action=maybe_recompile pc=0x00007f6cda1c0668 method=scala.reflect.internal.SymbolTable.isValid(I)Z @ 42
Event: 478.332 Thread 0x00007f6c68001000 Uncommon trap: reason=class_check action=maybe_recompile pc=0x00007f6cda1c0668 method=scala.reflect.internal.SymbolTable.isValid(I)Z @ 42
Event: 478.338 Thread 0x00007f6c68001000 Uncommon trap: reason=class_check action=maybe_recompile pc=0x00007f6cda1c0668 method=scala.reflect.internal.SymbolTable.isValid(I)Z @ 42
Event: 478.460 Thread 0x00007f6c68001000 Uncommon trap: reason=class_check action=maybe_recompile pc=0x00007f6cd7e86430 method=scala.collection.immutable.MapLike$$anonfun$$plus$plus$1.apply(Lscala/collection/immutable/Map;Lscala/Tuple2;)Lscala/collection/immutable/Map; @ 2
Event: 478.460 Thread 0x00007f6c68001000 Uncommon trap: reason=class_check action=maybe_recompile pc=0x00007f6cd7e86430 method=scala.collection.immutable.MapLike$$anonfun$$plus$plus$1.apply(Lscala/collection/immutable/Map;Lscala/Tuple2;)Lscala/collection/immutable/Map; @ 2
Event: 478.460 Thread 0x00007f6c68001000 Uncommon trap: reason=class_check action=maybe_recompile pc=0x00007f6cd7e86430 method=scala.collection.immutable.MapLike$$anonfun$$plus$plus$1.apply(Lscala/collection/immutable/Map;Lscala/Tuple2;)Lscala/collection/immutable/Map; @ 2
Event: 478.489 Thread 0x00007f6c68001000 Uncommon trap: reason=class_check action=maybe_recompile pc=0x00007f6cd87e8334 method=scala.collection.immutable.List.$plus$plus(Lscala/collection/GenTraversableOnce;Lscala/collection/generic/CanBuildFrom;)Ljava/lang/Object; @ 2
Event: 478.583 Thread 0x00007f6c68001000 Uncommon trap: reason=null_check action=make_not_entrant pc=0x00007f6cd8eefce4 method=java.lang.ThreadLocal$ThreadLocalMap.<init>(Ljava/lang/ThreadLocal$ThreadLocalMap;)V @ 55

Internal exceptions (10 events):
Event: 72.945 Thread 0x00007f6c7c031000 Exception <a 'java/lang/NoSuchMethodError': <clinit>> (0x00000000f655ab80) thrown at [/build/java8-openjdk/src/jdk8u-jdk8u92-b14/hotspot/src/share/vm/prims/jni.cpp, line 1613]
Event: 72.945 Thread 0x00007f6c7c031000 Exception <a 'java/lang/NoSuchMethodError': <clinit>> (0x00000000f655c350) thrown at [/build/java8-openjdk/src/jdk8u-jdk8u92-b14/hotspot/src/share/vm/prims/jni.cpp, line 1613]
Event: 161.084 Thread 0x00007f6c7c03e800 Implicit null exception at 0x00007f6cd820593e to 0x00007f6cd8206181
Event: 161.084 Thread 0x00007f6c7c03e800 Implicit null exception at 0x00007f6cd7ee9cca to 0x00007f6cd7ee9d91
Event: 161.088 Thread 0x00007f6c7c03d800 Implicit null exception at 0x00007f6cd820593e to 0x00007f6cd8206181
Event: 161.168 Thread 0x00007f6c800bd800 Exception <a 'java/lang/ClassNotFoundException': com/sun/tools/javac/api/JavacTool> (0x00000000f2aeec60) thrown at [/build/java8-openjdk/src/jdk8u-jdk8u92-b14/hotspot/src/share/vm/classfile/systemDictionary.cpp, line 210]
Event: 161.316 Thread 0x00007f6ce14af000 Exception <a 'java/lang/NoClassDefFoundError': org/slf4j/impl/StaticLoggerBinder> (0x00000000f3715340) thrown at [/build/java8-openjdk/src/jdk8u-jdk8u92-b14/hotspot/src/share/vm/classfile/systemDictionary.cpp, line 199]
Event: 476.121 Thread 0x00007f6ce1f34000 Exception <a 'java/lang/ClassNotFoundException': com/sun/tools/javac/api/JavacTool> (0x00000000f0c12188) thrown at [/build/java8-openjdk/src/jdk8u-jdk8u92-b14/hotspot/src/share/vm/classfile/systemDictionary.cpp, line 210]
Event: 476.276 Thread 0x00007f6c68001000 Exception <a 'java/lang/NoClassDefFoundError': org/slf4j/impl/StaticLoggerBinder> (0x00000000f2a19770) thrown at [/build/java8-openjdk/src/jdk8u-jdk8u92-b14/hotspot/src/share/vm/classfile/systemDictionary.cpp, line 199]
Event: 478.583 Thread 0x00007f6c68001000 Implicit null exception at 0x00007f6cd8eefb38 to 0x00007f6cd8eefcc5

Events (10 events):
Event: 610.018 Thread 0x00007f6ce14af000 Thread added: 0x00007f6ce14af000
Event: 610.018 Thread 0x00007f6ce14b0000 Thread added: 0x00007f6ce14b0000
Event: 610.035 Thread 0x00007f6c8c1c4800 Thread added: 0x00007f6c8c1c4800
Event: 610.059 Thread 0x00007f6ce14af000 Thread exited: 0x00007f6ce14af000
Event: 610.059 Thread 0x00007f6ce1f34000 Thread exited: 0x00007f6ce1f34000
Event: 610.059 Thread 0x00007f6ce14b0000 Thread exited: 0x00007f6ce14b0000
Event: 610.059 Thread 0x00007f6ce081b800 Thread exited: 0x00007f6ce081b800
Event: 610.059 Thread 0x00007f6c8c1c4800 Thread exited: 0x00007f6c8c1c4800
Event: 610.747 Thread 0x00007f6ce081b800 Thread added: 0x00007f6ce081b800
Event: 611.053 Thread 0x00007f6ce1f34000 Thread added: 0x00007f6ce1f34000


Dynamic libraries:
00400000-00401000 r-xp 00000000 08:02 705915                             /usr/lib/jvm/java-8-openjdk/jre/bin/java
00600000-00601000 rw-p 00000000 08:02 705915                             /usr/lib/jvm/java-8-openjdk/jre/bin/java
02570000-02591000 rw-p 00000000 00:00 0                                  [heap]
c0000000-101580000 rw-p 00000000 00:00 0 
101580000-140000000 ---p 00000000 00:00 0 
7f6c68000000-7f6c68069000 rw-p 00000000 00:00 0 
7f6c68069000-7f6c6c000000 ---p 00000000 00:00 0 
7f6c6c000000-7f6c6c021000 rw-p 00000000 00:00 0 
7f6c6c021000-7f6c70000000 ---p 00000000 00:00 0 
7f6c70000000-7f6c702c7000 rw-p 00000000 00:00 0 
7f6c702c7000-7f6c74000000 ---p 00000000 00:00 0 
7f6c76cfd000-7f6c76d00000 ---p 00000000 00:00 0 
7f6c76d00000-7f6c76efe000 rw-p 00000000 00:00 0 
7f6c76efe000-7f6c76ffe000 ---p 00000000 00:00 0 
7f6c76ffe000-7f6c771fe000 rw-p 00000000 00:00 0 
7f6c771fe000-7f6c773fe000 rw-p 00000000 00:00 0 
7f6c773fe000-7f6c77401000 ---p 00000000 00:00 0 
7f6c77401000-7f6c776ff000 rw-p 00000000 00:00 0 
7f6c776ff000-7f6c778ff000 rw-p 00000000 00:00 0 
7f6c778ff000-7f6c77902000 ---p 00000000 00:00 0 
7f6c77902000-7f6c77c00000 rw-p 00000000 00:00 0 
7f6c77c00000-7f6c77e00000 rw-p 00000000 00:00 0 
7f6c77e00000-7f6c78000000 rw-p 00000000 00:00 0 
7f6c78000000-7f6c7802c000 rw-p 00000000 00:00 0 
7f6c7802c000-7f6c7c000000 ---p 00000000 00:00 0 
7f6c7c000000-7f6c7c0cf000 rw-p 00000000 00:00 0 
7f6c7c0cf000-7f6c80000000 ---p 00000000 00:00 0 
7f6c80000000-7f6c80388000 rw-p 00000000 00:00 0 
7f6c80388000-7f6c84000000 ---p 00000000 00:00 0 
7f6c84060000-7f6c84260000 rw-p 00000000 00:00 0 
7f6c84260000-7f6c84460000 rw-p 00000000 00:00 0 
7f6c84460000-7f6c84660000 rw-p 00000000 00:00 0 
7f6c84660000-7f6c84860000 rw-p 00000000 00:00 0 
7f6c84860000-7f6c84a60000 rw-p 00000000 00:00 0 
7f6c84a60000-7f6c84c60000 rw-p 00000000 00:00 0 
7f6c84c60000-7f6c84e60000 rw-p 00000000 00:00 0 
7f6c84e60000-7f6c85060000 rw-p 00000000 00:00 0 
7f6c85060000-7f6c85260000 rw-p 00000000 00:00 0 
7f6c85260000-7f6c85460000 rw-p 00000000 00:00 0 
7f6c85460000-7f6c85660000 rw-p 00000000 00:00 0 
7f6c85660000-7f6c85860000 rw-p 00000000 00:00 0 
7f6c85860000-7f6c85a60000 rw-p 00000000 00:00 0 
7f6c85a60000-7f6c85c60000 rw-p 00000000 00:00 0 
7f6c85c60000-7f6c85e60000 rw-p 00000000 00:00 0 
7f6c85e60000-7f6c86060000 rw-p 00000000 00:00 0 
7f6c8616c000-7f6c8636c000 rw-p 00000000 00:00 0 
7f6c8636c000-7f6c8656c000 rw-p 00000000 00:00 0 
7f6c8656c000-7f6c8676c000 rw-p 00000000 00:00 0 
7f6c8676c000-7f6c8696c000 rw-p 00000000 00:00 0 
7f6c8696c000-7f6c86977000 r--s 0005d000 08:03 13638642                   /home/atoll/.ivy2/cache/org.scala-lang.modules/scala-parser-combinators_2.11/bundles/scala-parser-combinators_2.11-1.0.4.jar
7f6c86977000-7f6c86a83000 r--s 00dba000 08:03 13648512                   /home/atoll/.ivy2/cache/org.scala-lang/scala-compiler/jars/scala-compiler-2.11.8.jar
7f6c86a83000-7f6c86adc000 r--s 00522000 08:03 13640576                   /home/atoll/.ivy2/cache/org.scala-lang/scala-library/jars/scala-library-2.11.8.jar
7f6c86adc000-7f6c86cdc000 rw-p 00000000 00:00 0 
7f6c86cdc000-7f6c86edc000 rw-p 00000000 00:00 0 
7f6c86edc000-7f6c870dc000 rw-p 00000000 00:00 0 
7f6c870dc000-7f6c872dc000 rw-p 00000000 00:00 0 
7f6c872dc000-7f6c872df000 ---p 00000000 00:00 0 
7f6c872df000-7f6c873dd000 rw-p 00000000 00:00 0 
7f6c873dd000-7f6c873e1000 r-xp 00000000 08:02 534865                     /usr/lib/libcap.so.2.25
7f6c873e1000-7f6c875e0000 ---p 00004000 08:02 534865                     /usr/lib/libcap.so.2.25
7f6c875e0000-7f6c875e1000 rw-p 00003000 08:02 534865                     /usr/lib/libcap.so.2.25
7f6c875e1000-7f6c875f5000 r-xp 00000000 08:02 527685                     /usr/lib/libresolv-2.23.so
7f6c875f5000-7f6c877f4000 ---p 00014000 08:02 527685                     /usr/lib/libresolv-2.23.so
7f6c877f4000-7f6c877f5000 r--p 00013000 08:02 527685                     /usr/lib/libresolv-2.23.so
7f6c877f5000-7f6c877f6000 rw-p 00014000 08:02 527685                     /usr/lib/libresolv-2.23.so
7f6c877f6000-7f6c877f8000 rw-p 00000000 00:00 0 
7f6c877f8000-7f6c877fd000 r-xp 00000000 08:02 527677                     /usr/lib/libnss_dns-2.23.so
7f6c877fd000-7f6c879fc000 ---p 00005000 08:02 527677                     /usr/lib/libnss_dns-2.23.so
7f6c879fc000-7f6c879fd000 r--p 00004000 08:02 527677                     /usr/lib/libnss_dns-2.23.so
7f6c879fd000-7f6c879fe000 rw-p 00005000 08:02 527677                     /usr/lib/libnss_dns-2.23.so
7f6c879fe000-7f6c87bfe000 rw-p 00000000 00:00 0 
7f6c87bfe000-7f6c87dfe000 rw-p 00000000 00:00 0 
7f6c87dfe000-7f6c87e01000 ---p 00000000 00:00 0 
7f6c87e01000-7f6c87eff000 rw-p 00000000 00:00 0 
7f6c87eff000-7f6c87f02000 ---p 00000000 00:00 0 
7f6c87f02000-7f6c88000000 rw-p 00000000 00:00 0 
7f6c88000000-7f6c882dd000 rw-p 00000000 00:00 0 
7f6c882dd000-7f6c8c000000 ---p 00000000 00:00 0 
7f6c8c000000-7f6c8c238000 rw-p 00000000 00:00 0 
7f6c8c238000-7f6c90000000 ---p 00000000 00:00 0 
7f6c90000000-7f6c90807000 rw-p 00000000 00:00 0 
7f6c90807000-7f6c94000000 ---p 00000000 00:00 0 
7f6c94000000-7f6c944d4000 rw-p 00000000 00:00 0 
7f6c944d4000-7f6c98000000 ---p 00000000 00:00 0 
7f6c98000000-7f6c98021000 rw-p 00000000 00:00 0 
7f6c98021000-7f6c9c000000 ---p 00000000 00:00 0 
7f6c9c000000-7f6c9c07b000 rw-p 00000000 00:00 0 
7f6c9c07b000-7f6ca0000000 ---p 00000000 00:00 0 
7f6ca0000000-7f6ca10ca000 rw-p 00000000 00:00 0 
7f6ca10ca000-7f6ca4000000 ---p 00000000 00:00 0 
7f6ca4000000-7f6ca4021000 rw-p 00000000 00:00 0 
7f6ca4021000-7f6ca8000000 ---p 00000000 00:00 0 
7f6ca8000000-7f6ca9dd5000 rw-p 00000000 00:00 0 
7f6ca9dd5000-7f6cac000000 ---p 00000000 00:00 0 
7f6cac000000-7f6cadc60000 rw-p 00000000 00:00 0 
7f6cadc60000-7f6cb0000000 ---p 00000000 00:00 0 
7f6cb0000000-7f6cb0021000 rw-p 00000000 00:00 0 
7f6cb0021000-7f6cb4000000 ---p 00000000 00:00 0 
7f6cb4000000-7f6cb4021000 rw-p 00000000 00:00 0 
7f6cb4021000-7f6cb8000000 ---p 00000000 00:00 0 
7f6cb8000000-7f6cb828c000 rw-p 00000000 00:00 0 
7f6cb828c000-7f6cbc000000 ---p 00000000 00:00 0 
7f6cbc000000-7f6cbc021000 rw-p 00000000 00:00 0 
7f6cbc021000-7f6cc0000000 ---p 00000000 00:00 0 
7f6cc0000000-7f6cc0047000 rw-p 00000000 00:00 0 
7f6cc0047000-7f6cc4000000 ---p 00000000 00:00 0 
7f6cc4000000-7f6cc4021000 rw-p 00000000 00:00 0 
7f6cc4021000-7f6cc8000000 ---p 00000000 00:00 0 
7f6cc8000000-7f6cc803b000 rw-p 00000000 00:00 0 
7f6cc803b000-7f6ccc000000 ---p 00000000 00:00 0 
7f6ccc004000-7f6ccc00f000 r--s 00094000 08:03 13638640                   /home/atoll/.ivy2/cache/org.scala-lang.modules/scala-xml_2.11/bundles/scala-xml_2.11-1.0.4.jar
7f6ccc00f000-7f6ccc0ff000 r--s 00c16000 08:03 13661156                   /home/atoll/.ivy2/cache/org.scala-lang/scala-compiler/jars/scala-compiler-2.11.0.jar
7f6ccc0ff000-7f6ccc2ff000 rw-p 00000000 00:00 0 
7f6ccc302000-7f6ccc400000 rw-p 00000000 00:00 0 
7f6ccc403000-7f6ccc501000 rw-p 00000000 00:00 0 
7f6ccc501000-7f6ccc504000 ---p 00000000 00:00 0 
7f6ccc504000-7f6ccc602000 rw-p 00000000 00:00 0 
7f6ccc602000-7f6ccc605000 ---p 00000000 00:00 0 
7f6ccc605000-7f6ccc903000 rw-p 00000000 00:00 0 
7f6ccc903000-7f6cccb03000 rw-p 00000000 00:00 0 
7f6cccb03000-7f6cccd03000 rw-p 00000000 00:00 0 
7f6cccd03000-7f6cccf03000 rw-p 00000000 00:00 0 
7f6cccf0a000-7f6cccf56000 r--s 00411000 08:03 13648511                   /home/atoll/.ivy2/cache/org.scala-lang/scala-reflect/jars/scala-reflect-2.11.8.jar
7f6cccf56000-7f6cccfa1000 r--s 003ed000 08:03 13661158                   /home/atoll/.ivy2/cache/org.scala-lang/scala-reflect/jars/scala-reflect-2.11.0.jar
7f6cccfa1000-7f6cccffa000 r--s 004f9000 08:03 13661154                   /home/atoll/.ivy2/cache/org.scala-lang/scala-library/jars/scala-library-2.11.0.jar
7f6cccffa000-7f6ccd00d000 r--s 00345000 08:02 682670                     /usr/lib/jvm/java-8-openjdk/jre/lib/resources.jar
7f6ccd011000-7f6ccd015000 r--s 00031000 08:03 13638731                   /home/atoll/.ivy2/cache/jline/jline/jars/jline-2.12.1.jar
7f6ccd015000-7f6ccd020000 r--s 0005c000 08:03 13661157                   /home/atoll/.ivy2/cache/org.scala-lang.modules/scala-parser-combinators_2.11/bundles/scala-parser-combinators_2.11-1.0.1.jar
7f6ccd020000-7f6ccd02b000 r--s 00096000 08:03 13658129                   /home/atoll/.ivy2/cache/org.scala-lang.modules/scala-xml_2.11/bundles/scala-xml_2.11-1.0.1.jar
7f6ccd02b000-7f6ccd02d000 r--s 00005000 08:03 13661155                   /home/atoll/.ivy2/cache/org.slf4j/slf4j-api/jars/slf4j-api-1.6.1.jar
7f6ccd02d000-7f6ccd035000 r--s 00043000 08:03 14185396                   /home/atoll/.ivy2/cache/org.scalatra.scalate/scalate-util_2.11/bundles/scalate-util_2.11-1.7.0.jar
7f6ccd035000-7f6ccd061000 r--s 001b4000 08:03 14185395                   /home/atoll/.ivy2/cache/org.scalatra.scalate/scalate-core_2.11/bundles/scalate-core_2.11-1.7.0.jar
7f6ccd061000-7f6ccd071000 r-xp 00000000 08:02 623235                     /usr/lib/libnss_myhostname.so.2
7f6ccd071000-7f6ccd072000 ---p 00010000 08:02 623235                     /usr/lib/libnss_myhostname.so.2
7f6ccd072000-7f6ccd074000 r--p 00010000 08:02 623235                     /usr/lib/libnss_myhostname.so.2
7f6ccd074000-7f6ccd075000 rw-p 00012000 08:02 623235                     /usr/lib/libnss_myhostname.so.2
7f6ccd075000-7f6ccd078000 r--s 00012000 08:03 14163421                   /home/atoll/.ivy2/cache/scala_2.10/sbt_0.13/com.earldouglas/xsbt-web-plugin/jars/xsbt-web-plugin-2.0.4.jar
7f6ccd078000-7f6ccd07b000 r--s 0000d000 08:03 14163420                   /home/atoll/.ivy2/cache/scala_2.10/sbt_0.13/org.scalatra.sbt/scalatra-sbt/jars/scalatra-sbt-0.5.0.jar
7f6ccd07b000-7f6ccd07d000 r--s 00009000 08:03 14163419                   /home/atoll/.ivy2/cache/scala_2.10/sbt_0.13/com.mojolly.scalate/xsbt-scalate-generator/jars/xsbt-scalate-generator-0.5.0.jar
7f6ccd07d000-7f6ccd09e000 r--s 001a5000 08:03 13640190                   /home/atoll/.ivy2/cache/org.scalariform/scalariform_2.10/jars/scalariform_2.10-0.1.4.jar
7f6ccd09e000-7f6ccd0b1000 r--s 000be000 08:03 13640187                   /home/atoll/.ivy2/cache/org.scala-lang/scalap/jars/scalap-2.10.6.jar
7f6ccd0b1000-7f6ccd0b6000 r--s 0002b000 08:03 13661165                   /home/atoll/.ivy2/cache/scala_2.10/sbt_0.13/org.ensime/sbt-ensime/jars/sbt-ensime-1.0.0.jar
7f6ccd0b6000-7f6ccd2b6000 rw-p 00000000 00:00 0 
7f6ccd2b6000-7f6ccd4b6000 rw-p 00000000 00:00 0 
7f6ccd4b6000-7f6ccd6b6000 rw-p 00000000 00:00 0 
7f6ccd6b6000-7f6ccd8b6000 rw-p 00000000 00:00 0 
7f6ccd92f000-7f6ccdb2f000 rw-p 00000000 00:00 0 
7f6ccdb2f000-7f6ccdd2f000 rw-p 00000000 00:00 0 
7f6ccdd2f000-7f6ccdd33000 r--s 00097000 08:02 682669                     /usr/lib/jvm/java-8-openjdk/jre/lib/jsse.jar
7f6ccdd33000-7f6ccdd36000 ---p 00000000 00:00 0 
7f6ccdd36000-7f6ccdd6c000 rw-p 00000000 00:00 0 
7f6ccdd6c000-7f6ccdd6e000 r--s 0000b000 08:03 13637479                   /home/atoll/.sbt/boot/scala-2.10.6/org.scala-sbt/sbt/0.13.11/xsbti/interface-0.13.11.jar
7f6ccdd6e000-7f6ccdd74000 r--s 00040000 08:03 13637391                   /home/atoll/.sbt/boot/scala-2.10.6/org.scala-sbt/sbt/0.13.11/api-0.13.11.jar
7f6ccdd74000-7f6ccdd76000 r--s 0000e000 08:03 13638079                   /home/atoll/.sbt/boot/scala-2.10.6/org.scala-sbt/sbt/0.13.11/logic-0.13.11.jar
7f6ccdd76000-7f6ccdd78000 r--s 00002000 08:03 13637598                   /home/atoll/.sbt/boot/scala-2.10.6/org.scala-sbt/sbt/0.13.11/control-0.13.11.jar
7f6ccdd78000-7f6ccdd84000 r--s 000a4000 08:03 13638077                   /home/atoll/.sbt/boot/scala-2.10.6/org.scala-sbt/sbt/0.13.11/quasiquotes_2.10-2.0.1.jar
7f6ccdd84000-7f6ccdd88000 r--s 0001c000 08:03 13637470                   /home/atoll/.sbt/boot/scala-2.10.6/org.scala-sbt/sbt/0.13.11/compiler-integration-0.13.11.jar
7f6ccdd88000-7f6ccdd8b000 r--s 00013000 08:03 13638058                   /home/atoll/.sbt/boot/scala-2.10.6/org.scala-sbt/sbt/0.13.11/classpath-0.13.11.jar
7f6ccdd8b000-7f6ccdf8b000 rw-p 00000000 00:00 0 
7f6ccdf8b000-7f6ccdf93000 r--s 00057000 08:03 13637709                   /home/atoll/.sbt/boot/scala-2.10.6/org.scala-sbt/sbt/0.13.11/completion-0.13.11.jar
7f6ccdf93000-7f6ccdf97000 r--s 00022000 08:03 13637458                   /home/atoll/.sbt/boot/scala-2.10.6/org.scala-sbt/sbt/0.13.11/sbinary_2.10-0.4.2.jar
7f6ccdf97000-7f6ccdf9c000 r--s 00024000 08:03 13637830                   /home/atoll/.sbt/boot/scala-2.10.6/org.scala-sbt/sbt/0.13.11/persist-0.13.11.jar
7f6ccdf9c000-7f6ccdfa1000 r--s 00037000 08:03 13638145                   /home/atoll/.sbt/boot/scala-2.10.6/org.scala-sbt/sbt/0.13.11/command-0.13.11.jar
7f6ccdfa1000-7f6ccdfb6000 r--s 00101000 08:03 13637741                   /home/atoll/.sbt/boot/scala-2.10.6/org.scala-sbt/sbt/0.13.11/ivy-2.3.0-sbt-2cc8d2761242b072cedb0a04cb39435c4fa24f9a.jar
7f6ccdfb6000-7f6ccdfb9000 r--s 0001d000 08:03 13637674                   /home/atoll/.sbt/boot/scala-2.10.6/org.scala-sbt/sbt/0.13.11/task-system-0.13.11.jar
7f6ccdfb9000-7f6ccdfbb000 r--s 00002000 08:03 13638140                   /home/atoll/.sbt/boot/scala-2.10.6/org.scala-sbt/sbt/0.13.11/test-interface-1.0.jar
7f6ccdfbb000-7f6ccdfc5000 r--s 0006e000 08:03 13638076                   /home/atoll/.sbt/boot/scala-2.10.6/org.scala-sbt/sbt/0.13.11/incremental-compiler-0.13.11.jar
7f6ccdfc5000-7f6ccdfd0000 r--s 00097000 08:03 13638208                   /home/atoll/.sbt/boot/scala-2.10.6/org.scala-sbt/sbt/0.13.11/main-settings-0.13.11.jar
7f6ccdfd0000-7f6ccdfd2000 r--s 00014000 08:03 13637592                   /home/atoll/.sbt/boot/scala-2.10.6/org.scala-sbt/sbt/0.13.11/apply-macro-0.13.11.jar
7f6ccdfd2000-7f6ccdfd4000 r--s 00015000 08:03 13638126                   /home/atoll/.sbt/boot/scala-2.10.6/org.scala-sbt/sbt/0.13.11/classfile-0.13.11.jar
7f6ccdfd4000-7f6ccdfde000 r--s 00085000 08:03 13638206                   /home/atoll/.sbt/boot/scala-2.10.6/org.scala-sbt/sbt/0.13.11/json4s-core_2.10-3.2.10.jar
7f6ccdfde000-7f6ccdfe0000 r--s 00012000 08:03 13638120                   /home/atoll/.sbt/boot/scala-2.10.6/org.scala-sbt/sbt/0.13.11/jawn-parser_2.10-0.6.0.jar
7f6ccdfe0000-7f6ccdfe6000 r--s 00038000 08:03 13638092                   /home/atoll/.sbt/boot/scala-2.10.6/org.scala-sbt/sbt/0.13.11/compile-0.13.11.jar
7f6ccdfe6000-7f6ccdfea000 r--s 00034000 08:03 13637344                   /home/atoll/.sbt/boot/scala-2.10.6/org.scala-sbt/sbt/0.13.11/jsch-0.1.46.jar
7f6ccdfea000-7f6cce017000 r--s 00242000 08:03 13637897                   /home/atoll/.sbt/boot/scala-2.10.6/org.scala-sbt/sbt/0.13.11/main-0.13.11.jar
7f6cce017000-7f6cce019000 r--s 00017000 08:03 13638100                   /home/atoll/.sbt/boot/scala-2.10.6/org.scala-sbt/sbt/0.13.11/testing-0.13.11.jar
7f6cce019000-7f6cce04e000 r--s 002da000 08:03 13638043                   /home/atoll/.sbt/boot/scala-2.10.6/org.scala-sbt/sbt/0.13.11/scala-reflect-2.10.6.jar
7f6cce04e000-7f6cce050000 r--s 00006000 08:03 13637638                   /home/atoll/.sbt/boot/scala-2.10.6/org.scala-sbt/sbt/0.13.11/relation-0.13.11.jar
7f6cce050000-7f6cce052000 r--s 0001a000 08:03 13637361                   /home/atoll/.sbt/boot/scala-2.10.6/org.scala-sbt/sbt/0.13.11/jansi-1.11.jar
7f6cce052000-7f6cce054000 r--s 0000b000 08:03 13638211                   /home/atoll/.sbt/boot/scala-2.10.6/org.scala-sbt/sbt/0.13.11/tracking-0.13.11.jar
7f6cce054000-7f6cce05a000 r--s 00038000 08:03 13637866                   /home/atoll/.sbt/boot/scala-2.10.6/org.scala-sbt/sbt/0.13.11/compiler-interface-0.13.11.jar
7f6cce05a000-7f6cce05c000 r--s 00013000 08:03 13637914                   /home/atoll/.sbt/boot/scala-2.10.6/org.scala-sbt/sbt/0.13.11/json4s-ast_2.10-3.2.10.jar
7f6cce05c000-7f6cce05e000 r--s 00007000 08:03 13638041                   /home/atoll/.sbt/boot/scala-2.10.6/org.scala-sbt/sbt/0.13.11/compiler-ivy-integration-0.13.11.jar
7f6cce05e000-7f6cce065000 r--s 0004b000 08:03 13637887                   /home/atoll/.sbt/boot/scala-2.10.6/org.scala-sbt/sbt/0.13.11/serialization_2.10-0.1.2.jar
7f6cce065000-7f6cce068000 r--s 00018000 08:03 13638205                   /home/atoll/.sbt/boot/scala-2.10.6/org.scala-sbt/sbt/0.13.11/logging-0.13.11.jar
7f6cce068000-7f6cce071000 r--s 0006f000 08:03 13637992                   /home/atoll/.sbt/boot/scala-2.10.6/org.scala-sbt/sbt/0.13.11/actions-0.13.11.jar
7f6cce071000-7f6cce093000 r--s 001bc000 08:03 13637786                   /home/atoll/.sbt/boot/scala-2.10.6/org.scala-sbt/sbt/0.13.11/ivy-0.13.11.jar
7f6cce093000-7f6cce191000 r--s 00cd0000 08:03 13638223                   /home/atoll/.sbt/boot/scala-2.10.6/lib/scala-compiler.jar
7f6cce191000-7f6cce1a2000 r-xp 00000000 08:02 689740                     /usr/lib/jvm/java-8-openjdk/jre/lib/amd64/libnio.so
7f6cce1a2000-7f6cce3a1000 ---p 00011000 08:02 689740                     /usr/lib/jvm/java-8-openjdk/jre/lib/amd64/libnio.so
7f6cce3a1000-7f6cce3a2000 rw-p 00010000 08:02 689740                     /usr/lib/jvm/java-8-openjdk/jre/lib/amd64/libnio.so
7f6cce3a2000-7f6cce3b8000 r-xp 00000000 08:02 689720                     /usr/lib/jvm/java-8-openjdk/jre/lib/amd64/libnet.so
7f6cce3b8000-7f6cce5b8000 ---p 00016000 08:02 689720                     /usr/lib/jvm/java-8-openjdk/jre/lib/amd64/libnet.so
7f6cce5b8000-7f6cce5b9000 rw-p 00016000 08:02 689720                     /usr/lib/jvm/java-8-openjdk/jre/lib/amd64/libnet.so
7f6cce5b9000-7f6cce64f000 r--s 008d5000 08:02 729450                     /usr/lib/jvm/java-8-openjdk/jre/lib/ext/jfxrt.jar
7f6cce64f000-7f6cce650000 ---p 00000000 00:00 0 
7f6cce650000-7f6cce750000 rw-p 00000000 00:00 0 
7f6cce750000-7f6cce753000 ---p 00000000 00:00 0 
7f6cce753000-7f6cce851000 rw-p 00000000 00:00 0 
7f6cce851000-7f6cce854000 ---p 00000000 00:00 0 
7f6cce854000-7f6cce952000 rw-p 00000000 00:00 0 
7f6cce952000-7f6cce955000 ---p 00000000 00:00 0 
7f6cce955000-7f6ccea53000 rw-p 00000000 00:00 0 
7f6ccea53000-7f6ccea56000 ---p 00000000 00:00 0 
7f6ccea56000-7f6cceb54000 rw-p 00000000 00:00 0 
7f6cceb54000-7f6cceb57000 ---p 00000000 00:00 0 
7f6cceb57000-7f6ccec55000 rw-p 00000000 00:00 0 
7f6ccec55000-7f6ccedee000 r--p 00000000 08:02 573906                     /usr/lib/locale/locale-archive
7f6ccedee000-7f6ccedf1000 ---p 00000000 00:00 0 
7f6ccedf1000-7f6cceeef000 rw-p 00000000 00:00 0 
7f6cceeef000-7f6cceef2000 ---p 00000000 00:00 0 
7f6cceef2000-7f6cceff0000 rw-p 00000000 00:00 0 
7f6cceff0000-7f6cceff1000 ---p 00000000 00:00 0 
7f6cceff1000-7f6cd0000000 rw-p 00000000 00:00 0 
7f6cd0000000-7f6cd0021000 rw-p 00000000 00:00 0 
7f6cd0021000-7f6cd4000000 ---p 00000000 00:00 0 
7f6cd4000000-7f6cd4001000 r--s 00005000 08:03 14185394                   /home/atoll/.ivy2/cache/com.mojolly.scalate/scalate-generator_2.11/jars/scalate-generator_2.11-0.5.0.jar
7f6cd4001000-7f6cd4002000 r--s 00001000 08:03 13637356                   /home/atoll/.sbt/boot/scala-2.10.6/org.scala-sbt/sbt/0.13.11/json4s-support_2.10-0.6.0.jar
7f6cd4002000-7f6cd4004000 r--s 00007000 08:03 13638082                   /home/atoll/.sbt/boot/scala-2.10.6/org.scala-sbt/sbt/0.13.11/paranamer-2.6.jar
7f6cd4004000-7f6cd4007000 r--s 0001e000 08:03 13638213                   /home/atoll/.sbt/boot/scala-2.10.6/org.scala-sbt/sbt/0.13.11/run-0.13.11.jar
7f6cd4007000-7f6cd407a000 r--s 0065b000 08:03 13638277                   /home/atoll/.sbt/boot/scala-2.10.6/lib/scala-library.jar
7f6cd407a000-7f6cd4247000 r--s 03bec000 08:02 682671                     /usr/lib/jvm/java-8-openjdk/jre/lib/rt.jar
7f6cd4247000-7f6cd6c47000 rw-p 00000000 00:00 0 
7f6cd6c47000-7f6cd6c48000 ---p 00000000 00:00 0 
7f6cd6c48000-7f6cd6d48000 rw-p 00000000 00:00 0 
7f6cd6d48000-7f6cd6d49000 ---p 00000000 00:00 0 
7f6cd6d49000-7f6cd6e49000 rw-p 00000000 00:00 0 
7f6cd6e49000-7f6cd6e4a000 ---p 00000000 00:00 0 
7f6cd6e4a000-7f6cd6f4a000 rw-p 00000000 00:00 0 
7f6cd6f4a000-7f6cd6f4b000 ---p 00000000 00:00 0 
7f6cd6f4b000-7f6cd7457000 rw-p 00000000 00:00 0 
7f6cd7457000-7f6cd75a2000 ---p 00000000 00:00 0 
7f6cd75a2000-7f6cda2b2000 rwxp 00000000 00:00 0 
7f6cda2b2000-7f6cdf5a2000 ---p 00000000 00:00 0 
7f6cdf5a2000-7f6cdf5aa000 r-xp 00000000 08:02 689718                     /usr/lib/jvm/java-8-openjdk/jre/lib/amd64/libzip.so
7f6cdf5aa000-7f6cdf7a9000 ---p 00008000 08:02 689718                     /usr/lib/jvm/java-8-openjdk/jre/lib/amd64/libzip.so
7f6cdf7a9000-7f6cdf7aa000 rw-p 00007000 08:02 689718                     /usr/lib/jvm/java-8-openjdk/jre/lib/amd64/libzip.so
7f6cdf7aa000-7f6cdf7b5000 r-xp 00000000 08:02 527678                     /usr/lib/libnss_files-2.23.so
7f6cdf7b5000-7f6cdf9b4000 ---p 0000b000 08:02 527678                     /usr/lib/libnss_files-2.23.so
7f6cdf9b4000-7f6cdf9b5000 r--p 0000a000 08:02 527678                     /usr/lib/libnss_files-2.23.so
7f6cdf9b5000-7f6cdf9b6000 rw-p 0000b000 08:02 527678                     /usr/lib/libnss_files-2.23.so
7f6cdf9b6000-7f6cdf9bc000 rw-p 00000000 00:00 0 
7f6cdf9bc000-7f6cdf9e8000 r-xp 00000000 08:02 689717                     /usr/lib/jvm/java-8-openjdk/jre/lib/amd64/libjava.so
7f6cdf9e8000-7f6cdfbe8000 ---p 0002c000 08:02 689717                     /usr/lib/jvm/java-8-openjdk/jre/lib/amd64/libjava.so
7f6cdfbe8000-7f6cdfbea000 rw-p 0002c000 08:02 689717                     /usr/lib/jvm/java-8-openjdk/jre/lib/amd64/libjava.so
7f6cdfbea000-7f6cdfbf7000 r-xp 00000000 08:02 689707                     /usr/lib/jvm/java-8-openjdk/jre/lib/amd64/libverify.so
7f6cdfbf7000-7f6cdfdf6000 ---p 0000d000 08:02 689707                     /usr/lib/jvm/java-8-openjdk/jre/lib/amd64/libverify.so
7f6cdfdf6000-7f6cdfdf8000 rw-p 0000c000 08:02 689707                     /usr/lib/jvm/java-8-openjdk/jre/lib/amd64/libverify.so
7f6cdfdf8000-7f6cdfdff000 r-xp 00000000 08:02 527686                     /usr/lib/librt-2.23.so
7f6cdfdff000-7f6cdfffe000 ---p 00007000 08:02 527686                     /usr/lib/librt-2.23.so
7f6cdfffe000-7f6cdffff000 r--p 00006000 08:02 527686                     /usr/lib/librt-2.23.so
7f6cdffff000-7f6ce0000000 rw-p 00007000 08:02 527686                     /usr/lib/librt-2.23.so
7f6ce0000000-7f6ce2177000 rw-p 00000000 00:00 0 
7f6ce2177000-7f6ce4000000 ---p 00000000 00:00 0 
7f6ce4000000-7f6ce4004000 r--s 0001b000 08:03 13637865                   /home/atoll/.sbt/boot/scala-2.10.6/org.scala-sbt/sbt/0.13.11/process-0.13.11.jar
7f6ce4004000-7f6ce4008000 r--s 0001d000 08:03 13637444                   /home/atoll/.sbt/boot/scala-2.10.6/org.scala-sbt/sbt/0.13.11/tasks-0.13.11.jar
7f6ce4008000-7f6ce4009000 r--s 00002000 08:03 13638030                   /home/atoll/.sbt/boot/scala-2.10.6/org.scala-sbt/sbt/0.13.11/launcher-interface-1.0.0-M1.jar
7f6ce4009000-7f6ce400a000 r--s 00005000 08:03 13638064                   /home/atoll/.sbt/boot/scala-2.10.6/org.scala-sbt/sbt/0.13.11/test-agent-0.13.11.jar
7f6ce400a000-7f6ce4012000 r--s 00060000 08:03 13637975                   /home/atoll/.sbt/boot/scala-2.10.6/org.scala-sbt/sbt/0.13.11/collections-0.13.11.jar
7f6ce4012000-7f6ce4020000 r--s 000bc000 08:03 13637418                   /home/atoll/.sbt/boot/scala-2.10.6/org.scala-sbt/sbt/0.13.11/scala-pickling_2.10-0.10.1.jar
7f6ce4020000-7f6ce4055000 r--s 002da000 08:03 13638270                   /home/atoll/.sbt/boot/scala-2.10.6/lib/scala-reflect.jar
7f6ce4055000-7f6ce40cb000 rw-p 00000000 00:00 0 
7f6ce40cb000-7f6ce41ce000 r-xp 00000000 08:02 527683                     /usr/lib/libm-2.23.so
7f6ce41ce000-7f6ce43cd000 ---p 00103000 08:02 527683                     /usr/lib/libm-2.23.so
7f6ce43cd000-7f6ce43ce000 r--p 00102000 08:02 527683                     /usr/lib/libm-2.23.so
7f6ce43ce000-7f6ce43cf000 rw-p 00103000 08:02 527683                     /usr/lib/libm-2.23.so
7f6ce43cf000-7f6ce5024000 r-xp 00000000 08:02 705906                     /usr/lib/jvm/java-8-openjdk/jre/lib/amd64/server/libjvm.so
7f6ce5024000-7f6ce5224000 ---p 00c55000 08:02 705906                     /usr/lib/jvm/java-8-openjdk/jre/lib/amd64/server/libjvm.so
7f6ce5224000-7f6ce52e0000 rw-p 00c55000 08:02 705906                     /usr/lib/jvm/java-8-openjdk/jre/lib/amd64/server/libjvm.so
7f6ce52e0000-7f6ce5310000 rw-p 00000000 00:00 0 
7f6ce5310000-7f6ce54a7000 r-xp 00000000 08:02 527573                     /usr/lib/libc-2.23.so
7f6ce54a7000-7f6ce56a7000 ---p 00197000 08:02 527573                     /usr/lib/libc-2.23.so
7f6ce56a7000-7f6ce56ab000 r--p 00197000 08:02 527573                     /usr/lib/libc-2.23.so
7f6ce56ab000-7f6ce56ad000 rw-p 0019b000 08:02 527573                     /usr/lib/libc-2.23.so
7f6ce56ad000-7f6ce56b1000 rw-p 00000000 00:00 0 
7f6ce56b1000-7f6ce56b3000 r-xp 00000000 08:02 527682                     /usr/lib/libdl-2.23.so
7f6ce56b3000-7f6ce58b3000 ---p 00002000 08:02 527682                     /usr/lib/libdl-2.23.so
7f6ce58b3000-7f6ce58b4000 r--p 00002000 08:02 527682                     /usr/lib/libdl-2.23.so
7f6ce58b4000-7f6ce58b5000 rw-p 00003000 08:02 527682                     /usr/lib/libdl-2.23.so
7f6ce58b5000-7f6ce58c2000 r-xp 00000000 08:02 705903                     /usr/lib/jvm/java-8-openjdk/jre/lib/amd64/jli/libjli.so
7f6ce58c2000-7f6ce5ac1000 ---p 0000d000 08:02 705903                     /usr/lib/jvm/java-8-openjdk/jre/lib/amd64/jli/libjli.so
7f6ce5ac1000-7f6ce5ac2000 rw-p 0000c000 08:02 705903                     /usr/lib/jvm/java-8-openjdk/jre/lib/amd64/jli/libjli.so
7f6ce5ac2000-7f6ce5ad7000 r-xp 00000000 08:02 530609                     /usr/lib/libz.so.1.2.8
7f6ce5ad7000-7f6ce5cd6000 ---p 00015000 08:02 530609                     /usr/lib/libz.so.1.2.8
7f6ce5cd6000-7f6ce5cd7000 r--p 00014000 08:02 530609                     /usr/lib/libz.so.1.2.8
7f6ce5cd7000-7f6ce5cd8000 rw-p 00015000 08:02 530609                     /usr/lib/libz.so.1.2.8
7f6ce5cd8000-7f6ce5cf0000 r-xp 00000000 08:02 527445                     /usr/lib/libpthread-2.23.so
7f6ce5cf0000-7f6ce5eef000 ---p 00018000 08:02 527445                     /usr/lib/libpthread-2.23.so
7f6ce5eef000-7f6ce5ef0000 r--p 00017000 08:02 527445                     /usr/lib/libpthread-2.23.so
7f6ce5ef0000-7f6ce5ef1000 rw-p 00018000 08:02 527445                     /usr/lib/libpthread-2.23.so
7f6ce5ef1000-7f6ce5ef5000 rw-p 00000000 00:00 0 
7f6ce5ef5000-7f6ce5f18000 r-xp 00000000 08:02 527572                     /usr/lib/ld-2.23.so
7f6ce5f18000-7f6ce5f1b000 r--s 0001a000 08:03 13637546                   /home/atoll/.sbt/boot/scala-2.10.6/org.scala-sbt/sbt/0.13.11/cache-0.13.11.jar
7f6ce5f1b000-7f6ce5f22000 r--s 0003f000 08:03 13638183                   /home/atoll/.sbt/boot/scala-2.10.6/org.scala-sbt/sbt/0.13.11/io-0.13.11.jar
7f6ce5f22000-7f6ce5f26000 r--s 00039000 08:03 13638078                   /home/atoll/.sbt/boot/scala-2.10.6/org.scala-sbt/sbt/0.13.11/jline-2.13.jar
7f6ce5f26000-7f6ce5f28000 r--s 00001000 08:03 13637965                   /home/atoll/.sbt/boot/scala-2.10.6/org.scala-sbt/sbt/0.13.11/cross-0.13.11.jar
7f6ce5f28000-7f6ce5f29000 r--s 00005000 08:03 13638099                   /home/atoll/.sbt/boot/scala-2.10.6/org.scala-sbt/sbt/0.13.11/sbt-0.13.11.jar
7f6ce5f29000-7f6ce5fd1000 rw-p 00000000 00:00 0 
7f6ce5fd1000-7f6ce5fd4000 ---p 00000000 00:00 0 
7f6ce5fd4000-7f6ce60d6000 rw-p 00000000 00:00 0 
7f6ce60d6000-7f6ce60d9000 r--s 00018000 08:03 13638275                   /home/atoll/.sbt/boot/scala-2.10.6/lib/jansi.jar
7f6ce60d9000-7f6ce60dd000 r--s 00025000 08:03 13638292                   /home/atoll/.sbt/boot/scala-2.10.6/lib/jline.jar
7f6ce60dd000-7f6ce60f9000 r--s 0010c000 08:02 682373                     /usr/share/sbt/bin/sbt-launch.jar
7f6ce60f9000-7f6ce610d000 rw-p 00000000 00:00 0 
7f6ce610d000-7f6ce6115000 rw-s 00000000 00:24 1055500                    /tmp/hsperfdata_atoll/21999
7f6ce6115000-7f6ce6116000 rw-p 00000000 00:00 0 
7f6ce6116000-7f6ce6117000 r--p 00000000 00:00 0 
7f6ce6117000-7f6ce6118000 rw-p 00000000 00:00 0 
7f6ce6118000-7f6ce6119000 r--p 00023000 08:02 527572                     /usr/lib/ld-2.23.so
7f6ce6119000-7f6ce611a000 rw-p 00024000 08:02 527572                     /usr/lib/ld-2.23.so
7f6ce611a000-7f6ce611b000 rw-p 00000000 00:00 0 
7ffce68c9000-7ffce68ea000 rw-p 00000000 00:00 0                          [stack]
7ffce6997000-7ffce699a000 r--p 00000000 00:00 0                          [vvar]
7ffce699a000-7ffce699c000 r-xp 00000000 00:00 0                          [vdso]
ffffffffff600000-ffffffffff601000 r-xp 00000000 00:00 0                  [vsyscall]

VM Arguments:
jvm_args: -Xms1024m -Xmx1024m -XX:ReservedCodeCacheSize=128m -XX:MaxMetaspaceSize=256m 
java_command: /usr/share/sbt/bin/sbt-launch.jar
java_class_path (initial): /usr/share/sbt/bin/sbt-launch.jar
Launcher Type: SUN_STANDARD

Environment Variables:
JAVA_HOME=/usr/lib/jvm/java-8-openjdk/
PATH=/home/atoll/torch/install/bin:/home/atoll/bin:/usr/local/bin:/usr/local/sbin:/usr/local/bin:/usr/bin:/opt/android-sdk/platform-tools:/opt/android-sdk/tools:/usr/lib/jvm/default/bin:/usr/bin/site_perl:/usr/bin/vendor_perl:/usr/bin/core_perl
LD_LIBRARY_PATH=/home/atoll/torch/install/lib:
SHELL=/usr/bin/zsh
DISPLAY=:0
DYLD_LIBRARY_PATH=/home/atoll/torch/install/lib:

Signal Handlers:
SIGSEGV: [libjvm.so+0xa5a220], sa_mask[0]=11111111011111111101111111111110, sa_flags=SA_RESTART|SA_SIGINFO
SIGBUS: [libjvm.so+0xa5a220], sa_mask[0]=11111111011111111101111111111110, sa_flags=SA_RESTART|SA_SIGINFO
SIGFPE: [libjvm.so+0x8a5a90], sa_mask[0]=11111111011111111101111111111110, sa_flags=SA_RESTART|SA_SIGINFO
SIGPIPE: [libjvm.so+0x8a5a90], sa_mask[0]=11111111011111111101111111111110, sa_flags=SA_RESTART|SA_SIGINFO
SIGXFSZ: [libjvm.so+0x8a5a90], sa_mask[0]=11111111011111111101111111111110, sa_flags=SA_RESTART|SA_SIGINFO
SIGILL: [libjvm.so+0x8a5a90], sa_mask[0]=11111111011111111101111111111110, sa_flags=SA_RESTART|SA_SIGINFO
SIGUSR1: SIG_DFL, sa_mask[0]=00000000000000000000000000000000, sa_flags=none
SIGUSR2: [libjvm.so+0x8a5940], sa_mask[0]=00000000000000000000000000000000, sa_flags=SA_RESTART|SA_SIGINFO
SIGHUP: [libjvm.so+0x8a5e10], sa_mask[0]=11111111011111111101111111111110, sa_flags=SA_RESTART|SA_SIGINFO
SIGINT: [libjvm.so+0x8a5e10], sa_mask[0]=11111111011111111101111111111110, sa_flags=SA_RESTART|SA_SIGINFO
SIGTERM: [libjvm.so+0x8a5e10], sa_mask[0]=11111111011111111101111111111110, sa_flags=SA_RESTART|SA_SIGINFO
SIGQUIT: [libjvm.so+0x8a5e10], sa_mask[0]=11111111011111111101111111111110, sa_flags=SA_RESTART|SA_SIGINFO


---------------  S Y S T E M  ---------------

OS:LSB_VERSION=1.4
DISTRIB_ID=Arch
DISTRIB_RELEASE=rolling
DISTRIB_DESCRIPTION="Arch Linux"

uname:Linux 4.6.4-1-ARCH #1 SMP PREEMPT Mon Jul 11 19:12:32 CEST 2016 x86_64
libc:glibc 2.23 NPTL 2.23 
rlimit: STACK 8192k, CORE infinity, NPROC 31164, NOFILE 4096, AS infinity
load average:5.71 1.82 0.93

/proc/meminfo:
MemTotal:        8057176 kB
MemFree:          340184 kB
MemAvailable:     256184 kB
Buffers:            1832 kB
Cached:           571348 kB
SwapCached:            0 kB
Active:          7035564 kB
Inactive:         468720 kB
Active(anon):    7029296 kB
Inactive(anon):   406488 kB
Active(file):       6268 kB
Inactive(file):    62232 kB
Unevictable:           0 kB
Mlocked:               0 kB
SwapTotal:             0 kB
SwapFree:              0 kB
Dirty:                 0 kB
Writeback:             8 kB
AnonPages:       6932192 kB
Mapped:           295072 kB
Shmem:            503628 kB
Slab:              75468 kB
SReclaimable:      33156 kB
SUnreclaim:        42312 kB
KernelStack:       11952 kB
PageTables:        52328 kB
NFS_Unstable:          0 kB
Bounce:                0 kB
WritebackTmp:          0 kB
CommitLimit:     4028588 kB
Committed_AS:   13818944 kB
VmallocTotal:   34359738367 kB
VmallocUsed:           0 kB
VmallocChunk:          0 kB
HardwareCorrupted:     0 kB
AnonHugePages:   3643392 kB
HugePages_Total:       0
HugePages_Free:        0
HugePages_Rsvd:        0
HugePages_Surp:        0
Hugepagesize:       2048 kB
DirectMap4k:      198960 kB
DirectMap2M:     8067072 kB
DirectMap1G:     1048576 kB


CPU:total 4 (2 cores per cpu, 2 threads per core) family 6 model 69 stepping 1, cmov, cx8, fxsr, mmx, sse, sse2, sse3, ssse3, sse4.1, sse4.2, popcnt, avx, avx2, aes, clmul, erms, rtm, lzcnt, ht, tsc, tscinvbit, bmi1, bmi2

/proc/cpuinfo:
processor	: 0
vendor_id	: GenuineIntel
cpu family	: 6
model		: 69
model name	: Intel(R) Core(TM) i5-4300U CPU @ 1.90GHz
stepping	: 1
microcode	: 0x17
cpu MHz		: 2599.902
cache size	: 3072 KB
physical id	: 0
siblings	: 4
core id		: 0
cpu cores	: 2
apicid		: 0
initial apicid	: 0
fpu		: yes
fpu_exception	: yes
cpuid level	: 13
wp		: yes
flags		: fpu vme de pse tsc msr pae mce cx8 apic sep mtrr pge mca cmov pat pse36 clflush dts acpi mmx fxsr sse sse2 ss ht tm pbe syscall nx pdpe1gb rdtscp lm constant_tsc arch_perfmon pebs bts rep_good nopl xtopology nonstop_tsc aperfmperf eagerfpu pni pclmulqdq dtes64 monitor ds_cpl vmx smx est tm2 ssse3 sdbg fma cx16 xtpr pdcm pcid sse4_1 sse4_2 x2apic movbe popcnt tsc_deadline_timer aes xsave avx f16c rdrand lahf_lm abm epb tpr_shadow vnmi flexpriority ept vpid fsgsbase tsc_adjust bmi1 hle avx2 smep bmi2 erms invpcid rtm xsaveopt dtherm ida arat pln pts
bugs		:
bogomips	: 4990.26
clflush size	: 64
cache_alignment	: 64
address sizes	: 39 bits physical, 48 bits virtual
power management:

processor	: 1
vendor_id	: GenuineIntel
cpu family	: 6
model		: 69
model name	: Intel(R) Core(TM) i5-4300U CPU @ 1.90GHz
stepping	: 1
microcode	: 0x17
cpu MHz		: 2599.902
cache size	: 3072 KB
physical id	: 0
siblings	: 4
core id		: 0
cpu cores	: 2
apicid		: 1
initial apicid	: 1
fpu		: yes
fpu_exception	: yes
cpuid level	: 13
wp		: yes
flags		: fpu vme de pse tsc msr pae mce cx8 apic sep mtrr pge mca cmov pat pse36 clflush dts acpi mmx fxsr sse sse2 ss ht tm pbe syscall nx pdpe1gb rdtscp lm constant_tsc arch_perfmon pebs bts rep_good nopl xtopology nonstop_tsc aperfmperf eagerfpu pni pclmulqdq dtes64 monitor ds_cpl vmx smx est tm2 ssse3 sdbg fma cx16 xtpr pdcm pcid sse4_1 sse4_2 x2apic movbe popcnt tsc_deadline_timer aes xsave avx f16c rdrand lahf_lm abm epb tpr_shadow vnmi flexpriority ept vpid fsgsbase tsc_adjust bmi1 hle avx2 smep bmi2 erms invpcid rtm xsaveopt dtherm ida arat pln pts
bugs		:
bogomips	: 4992.73
clflush size	: 64
cache_alignment	: 64
address sizes	: 39 bits physical, 48 bits virtual
power management:

processor	: 2
vendor_id	: GenuineIntel
cpu family	: 6
model		: 69
model name	: Intel(R) Core(TM) i5-4300U CPU @ 1.90GHz
stepping	: 1
microcode	: 0x17
cpu MHz		: 2599.902
cache size	: 3072 KB
physical id	: 0
siblings	: 4
core id		: 1
cpu cores	: 2
apicid		: 2
initial apicid	: 2
fpu		: yes
fpu_exception	: yes
cpuid level	: 13
wp		: yes
flags		: fpu vme de pse tsc msr pae mce cx8 apic sep mtrr pge mca cmov pat pse36 clflush dts acpi mmx fxsr sse sse2 ss ht tm pbe syscall nx pdpe1gb rdtscp lm constant_tsc arch_perfmon pebs bts rep_good nopl xtopology nonstop_tsc aperfmperf eagerfpu pni pclmulqdq dtes64 monitor ds_cpl vmx smx est tm2 ssse3 sdbg fma cx16 xtpr pdcm pcid sse4_1 sse4_2 x2apic movbe popcnt tsc_deadline_timer aes xsave avx f16c rdrand lahf_lm abm epb tpr_shadow vnmi flexpriority ept vpid fsgsbase tsc_adjust bmi1 hle avx2 smep bmi2 erms invpcid rtm xsaveopt dtherm ida arat pln pts
bugs		:
bogomips	: 4991.85
clflush size	: 64
cache_alignment	: 64
address sizes	: 39 bits physical, 48 bits virtual
power management:

processor	: 3
vendor_id	: GenuineIntel
cpu family	: 6
model		: 69
model name	: Intel(R) Core(TM) i5-4300U CPU @ 1.90GHz
stepping	: 1
microcode	: 0x17
cpu MHz		: 2600.000
cache size	: 3072 KB
physical id	: 0
siblings	: 4
core id		: 1
cpu cores	: 2
apicid		: 3
initial apicid	: 3
fpu		: yes
fpu_exception	: yes
cpuid level	: 13
wp		: yes
flags		: fpu vme de pse tsc msr pae mce cx8 apic sep mtrr pge mca cmov pat pse36 clflush dts acpi mmx fxsr sse sse2 ss ht tm pbe syscall nx pdpe1gb rdtscp lm constant_tsc arch_perfmon pebs bts rep_good nopl xtopology nonstop_tsc aperfmperf eagerfpu pni pclmulqdq dtes64 monitor ds_cpl vmx smx est tm2 ssse3 sdbg fma cx16 xtpr pdcm pcid sse4_1 sse4_2 x2apic movbe popcnt tsc_deadline_timer aes xsave avx f16c rdrand lahf_lm abm epb tpr_shadow vnmi flexpriority ept vpid fsgsbase tsc_adjust bmi1 hle avx2 smep bmi2 erms invpcid rtm xsaveopt dtherm ida arat pln pts
bugs		:
bogomips	: 4992.02
clflush size	: 64
cache_alignment	: 64
address sizes	: 39 bits physical, 48 bits virtual
power management:



Memory: 4k page, physical 8057176k(339688k free), swap 0k(0k free)

vm_info: OpenJDK 64-Bit Server VM (25.92-b14) for linux-amd64 JRE (1.8.0_92-b14), built on Apr 24 2016 15:02:36 by "builduser" with gcc 5.3.0

time: Thu Aug  4 00:02:02 2016
elapsed time: 614 seconds (0d 0h 10m 14s)

